mode: atomic
github.com/PointerByte/lock-max/dragon-cmk/common/common.go:40.31,42.2 1 0
github.com/PointerByte/lock-max/dragon-cmk/common/common.go:44.35,46.2 1 0
github.com/PointerByte/lock-max/dragon-cmk/common/common.go:48.28,50.2 1 1
github.com/PointerByte/lock-max/dragon-cmk/common/common.go:52.33,54.2 1 1
github.com/PointerByte/lock-max/dragon-cmk/common/common.go:56.32,58.2 1 1
github.com/PointerByte/lock-max/dragon-cmk/common/common.go:60.29,62.13 2 0
github.com/PointerByte/lock-max/dragon-cmk/common/common.go:62.13,64.3 1 0
github.com/PointerByte/lock-max/dragon-cmk/common/common.go:65.2,65.22 1 0
github.com/PointerByte/lock-max/dragon-cmk/common/common.go:68.37,70.2 1 0
github.com/PointerByte/lock-max/dragon-cmk/common/common.go:72.25,74.2 1 0
github.com/PointerByte/lock-max/dragon-cmk/common/common.go:76.39,78.9 2 3
github.com/PointerByte/lock-max/dragon-cmk/common/common.go:78.9,80.3 1 1
github.com/PointerByte/lock-max/dragon-cmk/common/common.go:81.2,82.16 2 2
github.com/PointerByte/lock-max/dragon-cmk/common/common.go:82.16,84.3 1 1
github.com/PointerByte/lock-max/dragon-cmk/common/common.go:85.2,85.25 1 1
github.com/PointerByte/lock-max/dragon-cmk/common/common.go:88.29,98.2 1 1
github.com/PointerByte/lock-max/dragon-cmk/common/common.go:100.32,102.2 1 0
github.com/PointerByte/lock-max/dragon-cmk/common/common.go:104.49,106.2 1 0
github.com/PointerByte/lock-max/dragon-cmk/common/common.go:108.49,110.2 1 0
github.com/PointerByte/lock-max/dragon-cmk/common/common.go:112.70,114.2 1 0
github.com/PointerByte/lock-max/dragon-cmk/common/common.go:116.70,118.2 1 0
github.com/PointerByte/lock-max/dragon-cmk/common/common.go:120.35,122.2 1 6
github.com/PointerByte/lock-max/dragon-cmk/common/common.go:124.43,128.2 3 9
github.com/PointerByte/lock-max/dragon-cmk/common/common.go:130.43,132.9 2 3
github.com/PointerByte/lock-max/dragon-cmk/common/common.go:132.9,134.3 1 1
github.com/PointerByte/lock-max/dragon-cmk/common/common.go:135.2,136.16 2 2
github.com/PointerByte/lock-max/dragon-cmk/common/common.go:136.16,138.3 1 1
github.com/PointerByte/lock-max/dragon-cmk/common/common.go:139.2,139.15 1 1
github.com/PointerByte/lock-max/dragon-cmk/common/common.go:142.68,144.9 2 3
github.com/PointerByte/lock-max/dragon-cmk/common/common.go:144.9,146.3 1 1
github.com/PointerByte/lock-max/dragon-cmk/common/common.go:147.2,148.16 2 2
github.com/PointerByte/lock-max/dragon-cmk/common/common.go:148.16,150.3 1 1
github.com/PointerByte/lock-max/dragon-cmk/common/common.go:151.2,151.15 1 1
github.com/PointerByte/lock-max/dragon-cmk/main.go:32.38,38.3 1 1
github.com/PointerByte/lock-max/dragon-cmk/main.go:39.45,41.3 1 1
github.com/PointerByte/lock-max/dragon-cmk/main.go:42.82,45.3 2 1
github.com/PointerByte/lock-max/dragon-cmk/main.go:46.111,48.3 1 1
github.com/PointerByte/lock-max/dragon-cmk/main.go:55.33,57.3 1 0
github.com/PointerByte/lock-max/dragon-cmk/main.go:58.30,60.3 1 1
github.com/PointerByte/lock-max/dragon-cmk/main.go:72.61,74.112 2 1
github.com/PointerByte/lock-max/dragon-cmk/main.go:74.112,75.63 1 0
github.com/PointerByte/lock-max/dragon-cmk/main.go:75.63,77.4 1 0
github.com/PointerByte/lock-max/dragon-cmk/main.go:78.3,78.45 1 0
github.com/PointerByte/lock-max/dragon-cmk/main.go:91.13,95.16 3 4
github.com/PointerByte/lock-max/dragon-cmk/main.go:95.16,98.3 2 1
github.com/PointerByte/lock-max/dragon-cmk/main.go:100.2,100.32 1 3
github.com/PointerByte/lock-max/dragon-cmk/main.go:100.32,104.3 3 1
github.com/PointerByte/lock-max/dragon-cmk/main.go:106.2,114.56 7 3
github.com/PointerByte/lock-max/dragon-cmk/main.go:114.56,116.3 1 3
github.com/PointerByte/lock-max/dragon-cmk/main.go:116.17,119.3 2 1
github.com/PointerByte/lock-max/dragon-cmk/main.go:121.2,121.36 1 2
github.com/PointerByte/lock-max/dragon-cmk/main.go:121.36,124.3 2 1
github.com/PointerByte/lock-max/dragon-cmk/entity/traceLog.go:12.97,21.2 3 1
github.com/PointerByte/lock-max/dragon-cmk/entity/postgreSQL/store/mock_repository.go:27.65,31.2 3 1
github.com/PointerByte/lock-max/dragon-cmk/entity/postgreSQL/store/mock_repository.go:34.63,36.2 1 15
github.com/PointerByte/lock-max/dragon-cmk/entity/postgreSQL/store/mock_repository.go:39.100,45.2 5 1
github.com/PointerByte/lock-max/dragon-cmk/entity/postgreSQL/store/mock_repository.go:48.88,51.2 2 1
github.com/PointerByte/lock-max/dragon-cmk/entity/postgreSQL/store/mock_repository.go:54.92,60.2 5 1
github.com/PointerByte/lock-max/dragon-cmk/entity/postgreSQL/store/mock_repository.go:63.84,66.2 2 1
github.com/PointerByte/lock-max/dragon-cmk/entity/postgreSQL/store/mock_repository.go:69.87,75.2 5 1
github.com/PointerByte/lock-max/dragon-cmk/entity/postgreSQL/store/mock_repository.go:78.87,81.2 2 1
github.com/PointerByte/lock-max/dragon-cmk/entity/postgreSQL/store/mock_repository.go:84.106,90.2 5 1
github.com/PointerByte/lock-max/dragon-cmk/entity/postgreSQL/store/mock_repository.go:93.106,96.2 2 1
github.com/PointerByte/lock-max/dragon-cmk/entity/postgreSQL/store/mock_repository.go:99.112,105.2 5 1
github.com/PointerByte/lock-max/dragon-cmk/entity/postgreSQL/store/mock_repository.go:108.94,111.2 2 1
github.com/PointerByte/lock-max/dragon-cmk/entity/postgreSQL/store/mock_repository.go:114.100,120.2 5 1
github.com/PointerByte/lock-max/dragon-cmk/entity/postgreSQL/store/mock_repository.go:123.88,126.2 2 1
github.com/PointerByte/lock-max/dragon-cmk/entity/postgreSQL/store/mock_repository.go:129.108,135.2 5 1
github.com/PointerByte/lock-max/dragon-cmk/entity/postgreSQL/store/mock_repository.go:138.92,141.2 2 1
github.com/PointerByte/lock-max/dragon-cmk/entity/postgreSQL/store/mock_repository.go:144.110,150.2 5 1
github.com/PointerByte/lock-max/dragon-cmk/entity/postgreSQL/store/mock_repository.go:153.110,156.2 2 1
github.com/PointerByte/lock-max/dragon-cmk/entity/postgreSQL/store/mock_repository.go:159.105,165.2 5 1
github.com/PointerByte/lock-max/dragon-cmk/entity/postgreSQL/store/mock_repository.go:168.105,171.2 2 1
github.com/PointerByte/lock-max/dragon-cmk/entity/postgreSQL/store/mock_repository.go:174.98,180.2 5 1
github.com/PointerByte/lock-max/dragon-cmk/entity/postgreSQL/store/mock_repository.go:183.98,186.2 2 1
github.com/PointerByte/lock-max/dragon-cmk/entity/postgreSQL/store/mock_repository.go:189.92,195.2 5 1
github.com/PointerByte/lock-max/dragon-cmk/entity/postgreSQL/store/mock_repository.go:198.84,201.2 2 1
github.com/PointerByte/lock-max/dragon-cmk/entity/postgreSQL/store/mock_repository.go:204.112,210.2 5 1
github.com/PointerByte/lock-max/dragon-cmk/entity/postgreSQL/store/mock_repository.go:213.94,216.2 2 1
github.com/PointerByte/lock-max/dragon-cmk/entity/postgreSQL/store/mock_repository.go:219.116,225.2 5 1
github.com/PointerByte/lock-max/dragon-cmk/entity/postgreSQL/store/mock_repository.go:228.96,231.2 2 1
github.com/PointerByte/lock-max/dragon-cmk/entity/postgreSQL/store/mock_repository.go:234.112,240.2 5 1
github.com/PointerByte/lock-max/dragon-cmk/entity/postgreSQL/store/mock_repository.go:243.94,246.2 2 1
github.com/PointerByte/lock-max/dragon-cmk/entity/postgreSQL/store/mock_repository.go:249.108,255.2 5 1
github.com/PointerByte/lock-max/dragon-cmk/entity/postgreSQL/store/mock_repository.go:258.92,261.2 2 1
github.com/PointerByte/lock-max/dragon-cmk/entity/postgreSQL/store/repository.go:16.81,21.2 1 1
github.com/PointerByte/lock-max/dragon-cmk/entity/postgreSQL/store/repository.go:28.97,41.16 5 2
github.com/PointerByte/lock-max/dragon-cmk/entity/postgreSQL/store/repository.go:41.16,45.3 3 1
github.com/PointerByte/lock-max/dragon-cmk/entity/postgreSQL/store/repository.go:47.2,48.20 2 1
github.com/PointerByte/lock-max/dragon-cmk/entity/postgreSQL/store/repository.go:51.97,62.16 5 2
github.com/PointerByte/lock-max/dragon-cmk/entity/postgreSQL/store/repository.go:62.16,66.3 3 1
github.com/PointerByte/lock-max/dragon-cmk/entity/postgreSQL/store/repository.go:68.2,69.20 2 1
github.com/PointerByte/lock-max/dragon-cmk/entity/postgreSQL/store/repository.go:72.92,82.16 5 2
github.com/PointerByte/lock-max/dragon-cmk/entity/postgreSQL/store/repository.go:82.16,86.3 3 1
github.com/PointerByte/lock-max/dragon-cmk/entity/postgreSQL/store/repository.go:88.2,89.20 2 1
github.com/PointerByte/lock-max/dragon-cmk/entity/postgreSQL/store/repository.go:92.117,106.16 5 2
github.com/PointerByte/lock-max/dragon-cmk/entity/postgreSQL/store/repository.go:106.16,110.3 3 1
github.com/PointerByte/lock-max/dragon-cmk/entity/postgreSQL/store/repository.go:112.2,113.20 2 1
github.com/PointerByte/lock-max/dragon-cmk/entity/postgreSQL/store/repository.go:116.117,129.16 5 2
github.com/PointerByte/lock-max/dragon-cmk/entity/postgreSQL/store/repository.go:129.16,133.3 3 1
github.com/PointerByte/lock-max/dragon-cmk/entity/postgreSQL/store/repository.go:135.2,136.20 2 1
github.com/PointerByte/lock-max/dragon-cmk/entity/postgreSQL/store/repository.go:139.115,149.16 5 2
github.com/PointerByte/lock-max/dragon-cmk/entity/postgreSQL/store/repository.go:149.16,153.3 3 1
github.com/PointerByte/lock-max/dragon-cmk/entity/postgreSQL/store/repository.go:155.2,156.20 2 1
github.com/PointerByte/lock-max/dragon-cmk/entity/postgreSQL/store/repository.go:159.105,179.16 5 2
github.com/PointerByte/lock-max/dragon-cmk/entity/postgreSQL/store/repository.go:179.16,183.3 3 1
github.com/PointerByte/lock-max/dragon-cmk/entity/postgreSQL/store/repository.go:185.2,186.20 2 1
github.com/PointerByte/lock-max/dragon-cmk/entity/postgreSQL/store/repository.go:189.121,202.16 5 2
github.com/PointerByte/lock-max/dragon-cmk/entity/postgreSQL/store/repository.go:202.16,206.3 3 1
github.com/PointerByte/lock-max/dragon-cmk/entity/postgreSQL/store/repository.go:208.2,209.20 2 1
github.com/PointerByte/lock-max/dragon-cmk/entity/postgreSQL/store/repository.go:212.117,223.16 5 2
github.com/PointerByte/lock-max/dragon-cmk/entity/postgreSQL/store/repository.go:223.16,227.3 3 1
github.com/PointerByte/lock-max/dragon-cmk/entity/postgreSQL/store/repository.go:229.2,230.20 2 1
github.com/PointerByte/lock-max/dragon-cmk/entity/postgreSQL/store/repository.go:233.103,243.16 5 2
github.com/PointerByte/lock-max/dragon-cmk/entity/postgreSQL/store/repository.go:243.16,247.3 3 1
github.com/PointerByte/lock-max/dragon-cmk/entity/postgreSQL/store/repository.go:249.2,250.20 2 1
github.com/PointerByte/lock-max/dragon-cmk/entity/postgreSQL/store/repository.go:253.110,263.16 5 2
github.com/PointerByte/lock-max/dragon-cmk/entity/postgreSQL/store/repository.go:263.16,267.3 3 1
github.com/PointerByte/lock-max/dragon-cmk/entity/postgreSQL/store/repository.go:269.2,270.20 2 1
github.com/PointerByte/lock-max/dragon-cmk/entity/postgreSQL/store/repository.go:273.105,284.16 5 2
github.com/PointerByte/lock-max/dragon-cmk/entity/postgreSQL/store/repository.go:284.16,288.3 3 1
github.com/PointerByte/lock-max/dragon-cmk/entity/postgreSQL/store/repository.go:290.2,291.20 2 1
github.com/PointerByte/lock-max/dragon-cmk/entity/postgreSQL/store/repository.go:294.113,307.16 5 2
github.com/PointerByte/lock-max/dragon-cmk/entity/postgreSQL/store/repository.go:307.16,311.3 3 1
github.com/PointerByte/lock-max/dragon-cmk/entity/postgreSQL/store/repository.go:313.2,314.20 2 1
github.com/PointerByte/lock-max/dragon-cmk/entity/postgreSQL/store/repository.go:317.113,330.16 5 2
github.com/PointerByte/lock-max/dragon-cmk/entity/postgreSQL/store/repository.go:330.16,334.3 3 1
github.com/PointerByte/lock-max/dragon-cmk/entity/postgreSQL/store/repository.go:336.2,337.20 2 1
github.com/PointerByte/lock-max/dragon-cmk/entity/postgreSQL/store/repository.go:340.111,350.16 5 2
github.com/PointerByte/lock-max/dragon-cmk/entity/postgreSQL/store/repository.go:350.16,354.3 3 1
github.com/PointerByte/lock-max/dragon-cmk/entity/postgreSQL/store/repository.go:356.2,357.20 2 1
github.com/PointerByte/lock-max/dragon-cmk/service/utilities/utilities.go:13.102,15.16 2 6
github.com/PointerByte/lock-max/dragon-cmk/service/utilities/utilities.go:15.16,17.3 1 1
github.com/PointerByte/lock-max/dragon-cmk/service/utilities/utilities.go:19.2,20.26 2 6
github.com/PointerByte/lock-max/dragon-cmk/service/utilities/utilities.go:20.26,22.3 1 2
github.com/PointerByte/lock-max/dragon-cmk/service/utilities/utilities.go:24.2,25.16 2 4
github.com/PointerByte/lock-max/dragon-cmk/service/utilities/utilities.go:25.16,27.3 1 1
github.com/PointerByte/lock-max/dragon-cmk/service/utilities/utilities.go:29.2,30.16 2 3
github.com/PointerByte/lock-max/dragon-cmk/service/utilities/utilities.go:30.16,32.3 1 1
github.com/PointerByte/lock-max/dragon-cmk/service/utilities/utilities.go:33.2,33.43 1 2
github.com/PointerByte/lock-max/dragon-cmk/entity/postgreSQL/commit.go:10.62,12.20 2 2
github.com/PointerByte/lock-max/dragon-cmk/entity/postgreSQL/commit.go:12.20,14.3 1 1
github.com/PointerByte/lock-max/dragon-cmk/entity/postgreSQL/commit.go:16.2,17.25 2 1
github.com/PointerByte/lock-max/dragon-cmk/entity/postgreSQL/commit.go:20.64,22.20 2 2
github.com/PointerByte/lock-max/dragon-cmk/entity/postgreSQL/commit.go:22.20,24.3 1 1
github.com/PointerByte/lock-max/dragon-cmk/entity/postgreSQL/commit.go:26.2,27.25 2 1
github.com/PointerByte/lock-max/dragon-cmk/entity/postgreSQL/conection.go:31.62,31.80 1 0
github.com/PointerByte/lock-max/dragon-cmk/entity/postgreSQL/conection.go:32.71,32.101 1 0
github.com/PointerByte/lock-max/dragon-cmk/entity/postgreSQL/conection.go:33.50,33.71 1 0
github.com/PointerByte/lock-max/dragon-cmk/entity/postgreSQL/conection.go:39.63,41.16 2 4
github.com/PointerByte/lock-max/dragon-cmk/entity/postgreSQL/conection.go:41.16,43.3 1 1
github.com/PointerByte/lock-max/dragon-cmk/entity/postgreSQL/conection.go:45.2,46.16 2 3
github.com/PointerByte/lock-max/dragon-cmk/entity/postgreSQL/conection.go:46.16,48.3 1 1
github.com/PointerByte/lock-max/dragon-cmk/entity/postgreSQL/conection.go:50.2,51.16 2 2
github.com/PointerByte/lock-max/dragon-cmk/entity/postgreSQL/conection.go:51.16,53.3 1 0
github.com/PointerByte/lock-max/dragon-cmk/entity/postgreSQL/conection.go:54.2,56.48 2 2
github.com/PointerByte/lock-max/dragon-cmk/entity/postgreSQL/conection.go:56.48,59.3 2 1
github.com/PointerByte/lock-max/dragon-cmk/entity/postgreSQL/conection.go:60.2,60.16 1 1
github.com/PointerByte/lock-max/dragon-cmk/entity/postgreSQL/conection.go:65.63,66.29 1 3
github.com/PointerByte/lock-max/dragon-cmk/entity/postgreSQL/conection.go:66.29,68.29 2 2
github.com/PointerByte/lock-max/dragon-cmk/entity/postgreSQL/conection.go:68.29,70.4 1 2
github.com/PointerByte/lock-max/dragon-cmk/entity/postgreSQL/conection.go:72.2,72.38 1 3
github.com/PointerByte/lock-max/dragon-cmk/entity/postgreSQL/conection.go:77.28,78.26 1 3
github.com/PointerByte/lock-max/dragon-cmk/entity/postgreSQL/conection.go:78.26,81.3 2 2
github.com/PointerByte/lock-max/dragon-cmk/entity/postgreSQL/conection.go:83.2,85.32 3 3
github.com/PointerByte/lock-max/dragon-cmk/entity/postgreSQL/conection.go:89.36,95.16 5 2
github.com/PointerByte/lock-max/dragon-cmk/entity/postgreSQL/conection.go:95.16,97.3 1 1
github.com/PointerByte/lock-max/dragon-cmk/entity/postgreSQL/conection.go:99.2,101.28 3 1
github.com/PointerByte/lock-max/dragon-cmk/entity/postgreSQL/conection.go:101.28,104.3 2 0
github.com/PointerByte/lock-max/dragon-cmk/entity/postgreSQL/conection.go:105.2,107.29 3 1
github.com/PointerByte/lock-max/dragon-cmk/entity/postgreSQL/conection.go:107.30,107.31 0 1
github.com/PointerByte/lock-max/dragon-cmk/entity/postgreSQL/conection.go:108.2,108.12 1 1
github.com/PointerByte/lock-max/dragon-cmk/entity/postgreSQL/conection.go:119.56,127.2 1 1
github.com/PointerByte/lock-max/dragon-cmk/entity/postgreSQL/conection.go:129.59,134.2 4 2
github.com/PointerByte/lock-max/dragon-cmk/entity/postgreSQL/sp.go:18.110,19.58 1 3
github.com/PointerByte/lock-max/dragon-cmk/entity/postgreSQL/sp.go:19.58,21.3 1 1
github.com/PointerByte/lock-max/dragon-cmk/entity/postgreSQL/sp.go:23.2,26.20 3 2
github.com/PointerByte/lock-max/dragon-cmk/entity/postgreSQL/sp.go:26.20,28.3 1 1
github.com/PointerByte/lock-max/dragon-cmk/entity/postgreSQL/sp.go:30.2,31.25 2 1
github.com/PointerByte/lock-max/dragon-cmk/entity/postgreSQL/sp.go:36.102,37.58 1 3
github.com/PointerByte/lock-max/dragon-cmk/entity/postgreSQL/sp.go:37.58,39.3 1 1
github.com/PointerByte/lock-max/dragon-cmk/entity/postgreSQL/sp.go:41.2,44.74 3 2
github.com/PointerByte/lock-max/dragon-cmk/entity/postgreSQL/sp.go:44.74,46.3 1 1
github.com/PointerByte/lock-max/dragon-cmk/entity/postgreSQL/sp.go:48.2,48.19 1 1
github.com/PointerByte/lock-max/dragon-cmk/entity/postgreSQL/sp.go:51.77,53.16 2 0
github.com/PointerByte/lock-max/dragon-cmk/entity/postgreSQL/sp.go:53.16,55.3 1 0
github.com/PointerByte/lock-max/dragon-cmk/entity/postgreSQL/sp.go:57.2,58.42 2 0
github.com/PointerByte/lock-max/dragon-cmk/entity/postgreSQL/sp.go:61.42,62.16 1 6
github.com/PointerByte/lock-max/dragon-cmk/entity/postgreSQL/sp.go:62.16,64.3 1 3
github.com/PointerByte/lock-max/dragon-cmk/entity/postgreSQL/sp.go:66.2,67.27 2 3
github.com/PointerByte/lock-max/dragon-cmk/entity/postgreSQL/sp.go:67.27,69.3 1 6
github.com/PointerByte/lock-max/dragon-cmk/entity/postgreSQL/sp.go:71.2,71.41 1 3
github.com/PointerByte/lock-max/dragon-cmk/entity/postgreSQL/sp.go:74.44,75.42 1 23
github.com/PointerByte/lock-max/dragon-cmk/entity/postgreSQL/sp.go:75.42,77.3 1 8
github.com/PointerByte/lock-max/dragon-cmk/entity/postgreSQL/sp.go:79.2,79.12 1 15
github.com/PointerByte/lock-max/dragon-cmk/entity/postgreSQL/view.go:18.62,21.2 2 1
github.com/PointerByte/lock-max/dragon-cmk/entity/postgreSQL/view.go:25.95,28.2 2 1
github.com/PointerByte/lock-max/dragon-cmk/entity/postgreSQL/view.go:32.96,35.2 2 1
github.com/PointerByte/lock-max/dragon-cmk/entity/postgreSQL/view.go:39.89,41.2 1 4
github.com/PointerByte/lock-max/dragon-cmk/entity/postgreSQL/view.go:45.112,46.55 1 6
github.com/PointerByte/lock-max/dragon-cmk/entity/postgreSQL/view.go:46.55,48.3 1 1
github.com/PointerByte/lock-max/dragon-cmk/entity/postgreSQL/view.go:50.2,51.42 2 5
github.com/PointerByte/lock-max/dragon-cmk/entity/postgreSQL/view.go:51.42,53.3 1 2
github.com/PointerByte/lock-max/dragon-cmk/entity/postgreSQL/view.go:55.2,56.74 2 5
github.com/PointerByte/lock-max/dragon-cmk/entity/postgreSQL/view.go:56.74,58.3 1 1
github.com/PointerByte/lock-max/dragon-cmk/entity/postgreSQL/view.go:59.2,59.19 1 4
github.com/PointerByte/lock-max/dragon-cmk/entity/postgreSQL/view.go:64.106,65.55 1 4
github.com/PointerByte/lock-max/dragon-cmk/entity/postgreSQL/view.go:65.55,67.3 1 1
github.com/PointerByte/lock-max/dragon-cmk/entity/postgreSQL/view.go:69.2,70.42 2 3
github.com/PointerByte/lock-max/dragon-cmk/entity/postgreSQL/view.go:70.42,72.3 1 1
github.com/PointerByte/lock-max/dragon-cmk/entity/postgreSQL/view.go:74.2,75.74 2 3
github.com/PointerByte/lock-max/dragon-cmk/entity/postgreSQL/view.go:75.74,77.3 1 1
github.com/PointerByte/lock-max/dragon-cmk/entity/postgreSQL/view.go:78.2,78.25 1 2
github.com/PointerByte/lock-max/dragon-cmk/entity/postgreSQL/view.go:81.86,83.16 2 0
github.com/PointerByte/lock-max/dragon-cmk/entity/postgreSQL/view.go:83.16,85.3 1 0
github.com/PointerByte/lock-max/dragon-cmk/entity/postgreSQL/view.go:87.2,87.72 1 0
github.com/PointerByte/lock-max/dragon-cmk/entity/postgreSQL/views/mock_repository.go:25.65,29.2 3 1
github.com/PointerByte/lock-max/dragon-cmk/entity/postgreSQL/views/mock_repository.go:32.63,34.2 1 9
github.com/PointerByte/lock-max/dragon-cmk/entity/postgreSQL/views/mock_repository.go:37.96,40.25 3 0
github.com/PointerByte/lock-max/dragon-cmk/entity/postgreSQL/views/mock_repository.go:40.25,42.3 1 0
github.com/PointerByte/lock-max/dragon-cmk/entity/postgreSQL/views/mock_repository.go:43.2,46.19 4 0
github.com/PointerByte/lock-max/dragon-cmk/entity/postgreSQL/views/mock_repository.go:50.121,54.2 3 0
github.com/PointerByte/lock-max/dragon-cmk/entity/postgreSQL/views/mock_repository.go:57.117,60.25 3 1
github.com/PointerByte/lock-max/dragon-cmk/entity/postgreSQL/views/mock_repository.go:60.25,62.3 1 1
github.com/PointerByte/lock-max/dragon-cmk/entity/postgreSQL/views/mock_repository.go:63.2,66.19 4 1
github.com/PointerByte/lock-max/dragon-cmk/entity/postgreSQL/views/mock_repository.go:70.121,74.2 3 1
github.com/PointerByte/lock-max/dragon-cmk/entity/postgreSQL/views/mock_repository.go:77.117,80.25 3 0
github.com/PointerByte/lock-max/dragon-cmk/entity/postgreSQL/views/mock_repository.go:80.25,82.3 1 0
github.com/PointerByte/lock-max/dragon-cmk/entity/postgreSQL/views/mock_repository.go:83.2,86.19 4 0
github.com/PointerByte/lock-max/dragon-cmk/entity/postgreSQL/views/mock_repository.go:90.121,94.2 3 0
github.com/PointerByte/lock-max/dragon-cmk/entity/postgreSQL/views/mock_repository.go:97.105,100.25 3 1
github.com/PointerByte/lock-max/dragon-cmk/entity/postgreSQL/views/mock_repository.go:100.25,102.3 1 1
github.com/PointerByte/lock-max/dragon-cmk/entity/postgreSQL/views/mock_repository.go:103.2,106.19 4 1
github.com/PointerByte/lock-max/dragon-cmk/entity/postgreSQL/views/mock_repository.go:110.115,114.2 3 1
github.com/PointerByte/lock-max/dragon-cmk/entity/postgreSQL/views/mock_repository.go:117.91,120.25 3 1
github.com/PointerByte/lock-max/dragon-cmk/entity/postgreSQL/views/mock_repository.go:120.25,122.3 1 1
github.com/PointerByte/lock-max/dragon-cmk/entity/postgreSQL/views/mock_repository.go:123.2,126.19 4 1
github.com/PointerByte/lock-max/dragon-cmk/entity/postgreSQL/views/mock_repository.go:130.108,134.2 3 1
github.com/PointerByte/lock-max/dragon-cmk/entity/postgreSQL/views/mock_repository.go:137.113,140.25 3 1
github.com/PointerByte/lock-max/dragon-cmk/entity/postgreSQL/views/mock_repository.go:140.25,142.3 1 1
github.com/PointerByte/lock-max/dragon-cmk/entity/postgreSQL/views/mock_repository.go:143.2,146.19 4 1
github.com/PointerByte/lock-max/dragon-cmk/entity/postgreSQL/views/mock_repository.go:150.119,154.2 3 1
github.com/PointerByte/lock-max/dragon-cmk/entity/postgreSQL/views/mock_repository.go:157.91,163.2 5 1
github.com/PointerByte/lock-max/dragon-cmk/entity/postgreSQL/views/mock_repository.go:166.82,169.2 2 1
github.com/PointerByte/lock-max/dragon-cmk/entity/postgreSQL/views/mock_repository.go:172.91,178.2 5 0
github.com/PointerByte/lock-max/dragon-cmk/entity/postgreSQL/views/mock_repository.go:181.82,184.2 2 0
github.com/PointerByte/lock-max/dragon-cmk/entity/postgreSQL/views/mock_repository.go:187.79,193.2 5 1
github.com/PointerByte/lock-max/dragon-cmk/entity/postgreSQL/views/mock_repository.go:196.76,199.2 2 1
github.com/PointerByte/lock-max/dragon-cmk/entity/postgreSQL/views/mock_repository.go:202.65,208.2 5 1
github.com/PointerByte/lock-max/dragon-cmk/entity/postgreSQL/views/mock_repository.go:211.69,214.2 2 1
github.com/PointerByte/lock-max/dragon-cmk/entity/postgreSQL/views/mock_repository.go:217.87,223.2 5 2
github.com/PointerByte/lock-max/dragon-cmk/entity/postgreSQL/views/mock_repository.go:226.80,229.2 2 2
github.com/PointerByte/lock-max/dragon-cmk/entity/postgreSQL/views/models.go:22.38,24.2 1 5
github.com/PointerByte/lock-max/dragon-cmk/entity/postgreSQL/views/models.go:40.51,42.2 1 7
github.com/PointerByte/lock-max/dragon-cmk/entity/postgreSQL/views/models.go:69.45,71.2 1 5
github.com/PointerByte/lock-max/dragon-cmk/entity/postgreSQL/views/models.go:85.49,87.2 1 5
github.com/PointerByte/lock-max/dragon-cmk/entity/postgreSQL/views/repository.go:29.81,34.2 1 1
github.com/PointerByte/lock-max/dragon-cmk/entity/postgreSQL/views/repository.go:36.60,42.16 5 2
github.com/PointerByte/lock-max/dragon-cmk/entity/postgreSQL/views/repository.go:42.16,46.3 3 1
github.com/PointerByte/lock-max/dragon-cmk/entity/postgreSQL/views/repository.go:48.2,49.20 2 1
github.com/PointerByte/lock-max/dragon-cmk/entity/postgreSQL/views/repository.go:52.86,58.16 5 2
github.com/PointerByte/lock-max/dragon-cmk/entity/postgreSQL/views/repository.go:58.16,62.3 3 1
github.com/PointerByte/lock-max/dragon-cmk/entity/postgreSQL/views/repository.go:64.2,65.20 2 1
github.com/PointerByte/lock-max/dragon-cmk/entity/postgreSQL/views/repository.go:68.86,74.16 5 2
github.com/PointerByte/lock-max/dragon-cmk/entity/postgreSQL/views/repository.go:74.16,78.3 3 1
github.com/PointerByte/lock-max/dragon-cmk/entity/postgreSQL/views/repository.go:80.2,81.20 2 1
github.com/PointerByte/lock-max/dragon-cmk/entity/postgreSQL/views/repository.go:84.112,90.16 5 2
github.com/PointerByte/lock-max/dragon-cmk/entity/postgreSQL/views/repository.go:90.16,94.3 3 1
github.com/PointerByte/lock-max/dragon-cmk/entity/postgreSQL/views/repository.go:96.2,97.20 2 1
github.com/PointerByte/lock-max/dragon-cmk/entity/postgreSQL/views/repository.go:100.91,106.16 5 2
github.com/PointerByte/lock-max/dragon-cmk/entity/postgreSQL/views/repository.go:106.16,110.3 3 1
github.com/PointerByte/lock-max/dragon-cmk/entity/postgreSQL/views/repository.go:112.2,113.20 2 1
github.com/PointerByte/lock-max/dragon-cmk/entity/postgreSQL/views/repository.go:116.86,118.2 1 0
github.com/PointerByte/lock-max/dragon-cmk/entity/postgreSQL/views/repository.go:120.112,122.2 1 0
github.com/PointerByte/lock-max/dragon-cmk/entity/postgreSQL/views/repository.go:124.74,130.16 5 2
github.com/PointerByte/lock-max/dragon-cmk/entity/postgreSQL/views/repository.go:130.16,134.3 3 1
github.com/PointerByte/lock-max/dragon-cmk/entity/postgreSQL/views/repository.go:136.2,137.20 2 1
github.com/PointerByte/lock-max/dragon-cmk/entity/postgreSQL/views/repository.go:140.100,146.16 5 2
github.com/PointerByte/lock-max/dragon-cmk/entity/postgreSQL/views/repository.go:146.16,150.3 3 1
github.com/PointerByte/lock-max/dragon-cmk/entity/postgreSQL/views/repository.go:152.2,153.20 2 1
github.com/PointerByte/lock-max/dragon-cmk/entity/postgreSQL/views/repository.go:156.82,162.16 5 2
github.com/PointerByte/lock-max/dragon-cmk/entity/postgreSQL/views/repository.go:162.16,166.3 3 1
github.com/PointerByte/lock-max/dragon-cmk/entity/postgreSQL/views/repository.go:168.2,169.20 2 1
github.com/PointerByte/lock-max/dragon-cmk/entity/postgreSQL/views/repository.go:172.108,178.16 5 2
github.com/PointerByte/lock-max/dragon-cmk/entity/postgreSQL/views/repository.go:178.16,182.3 3 1
github.com/PointerByte/lock-max/dragon-cmk/entity/postgreSQL/views/repository.go:184.2,185.20 2 1
github.com/PointerByte/lock-max/dragon-cmk/proto/route.pb.go:61.36,65.2 3 1
github.com/PointerByte/lock-max/dragon-cmk/proto/route.pb.go:67.35,69.2 1 1
github.com/PointerByte/lock-max/dragon-cmk/proto/route.pb.go:71.58,73.2 1 3
github.com/PointerByte/lock-max/dragon-cmk/proto/route.pb.go:75.46,77.2 1 1
github.com/PointerByte/lock-max/dragon-cmk/proto/route.pb.go:79.52,81.2 1 1
github.com/PointerByte/lock-max/dragon-cmk/proto/route.pb.go:84.50,86.2 1 1
github.com/PointerByte/lock-max/dragon-cmk/proto/route.pb.go:113.40,117.2 3 1
github.com/PointerByte/lock-max/dragon-cmk/proto/route.pb.go:119.37,121.2 1 1
github.com/PointerByte/lock-max/dragon-cmk/proto/route.pb.go:123.60,125.2 1 3
github.com/PointerByte/lock-max/dragon-cmk/proto/route.pb.go:127.48,129.2 1 1
github.com/PointerByte/lock-max/dragon-cmk/proto/route.pb.go:131.54,133.2 1 1
github.com/PointerByte/lock-max/dragon-cmk/proto/route.pb.go:136.52,138.2 1 1
github.com/PointerByte/lock-max/dragon-cmk/proto/route.pb.go:171.44,175.2 3 1
github.com/PointerByte/lock-max/dragon-cmk/proto/route.pb.go:177.39,179.2 1 1
github.com/PointerByte/lock-max/dragon-cmk/proto/route.pb.go:181.62,183.2 1 3
github.com/PointerByte/lock-max/dragon-cmk/proto/route.pb.go:185.50,187.2 1 1
github.com/PointerByte/lock-max/dragon-cmk/proto/route.pb.go:189.56,191.2 1 1
github.com/PointerByte/lock-max/dragon-cmk/proto/route.pb.go:194.54,196.2 1 1
github.com/PointerByte/lock-max/dragon-cmk/proto/route.pb.go:220.44,224.2 3 1
github.com/PointerByte/lock-max/dragon-cmk/proto/route.pb.go:226.39,228.2 1 1
github.com/PointerByte/lock-max/dragon-cmk/proto/route.pb.go:230.62,232.2 1 3
github.com/PointerByte/lock-max/dragon-cmk/proto/route.pb.go:234.50,236.2 1 1
github.com/PointerByte/lock-max/dragon-cmk/proto/route.pb.go:238.56,240.2 1 1
github.com/PointerByte/lock-max/dragon-cmk/proto/route.pb.go:243.54,245.2 1 1
github.com/PointerByte/lock-max/dragon-cmk/proto/route.pb.go:261.27,266.2 4 2
github.com/PointerByte/lock-max/dragon-cmk/proto/route.pb.go:268.35,270.2 1 1
github.com/PointerByte/lock-max/dragon-cmk/proto/route.pb.go:272.33,272.34 0 0
github.com/PointerByte/lock-max/dragon-cmk/proto/route.pb.go:274.55,276.14 2 38
github.com/PointerByte/lock-max/dragon-cmk/proto/route.pb.go:276.14,278.34 2 14
github.com/PointerByte/lock-max/dragon-cmk/proto/route.pb.go:278.34,280.4 1 10
github.com/PointerByte/lock-max/dragon-cmk/proto/route.pb.go:281.3,281.12 1 14
github.com/PointerByte/lock-max/dragon-cmk/proto/route.pb.go:283.2,283.24 1 24
github.com/PointerByte/lock-max/dragon-cmk/proto/route.pb.go:287.46,289.2 1 1
github.com/PointerByte/lock-max/dragon-cmk/proto/route.pb.go:291.37,292.14 1 2
github.com/PointerByte/lock-max/dragon-cmk/proto/route.pb.go:292.14,294.3 1 1
github.com/PointerByte/lock-max/dragon-cmk/proto/route.pb.go:295.2,295.11 1 1
github.com/PointerByte/lock-max/dragon-cmk/proto/route.pb.go:298.41,299.14 1 2
github.com/PointerByte/lock-max/dragon-cmk/proto/route.pb.go:299.14,301.3 1 1
github.com/PointerByte/lock-max/dragon-cmk/proto/route.pb.go:302.2,302.11 1 1
github.com/PointerByte/lock-max/dragon-cmk/proto/route.pb.go:305.44,306.14 1 2
github.com/PointerByte/lock-max/dragon-cmk/proto/route.pb.go:306.14,308.3 1 1
github.com/PointerByte/lock-max/dragon-cmk/proto/route.pb.go:309.2,309.11 1 1
github.com/PointerByte/lock-max/dragon-cmk/proto/route.pb.go:312.45,313.14 1 2
github.com/PointerByte/lock-max/dragon-cmk/proto/route.pb.go:313.14,315.3 1 1
github.com/PointerByte/lock-max/dragon-cmk/proto/route.pb.go:316.2,316.10 1 1
github.com/PointerByte/lock-max/dragon-cmk/proto/route.pb.go:319.36,320.14 1 2
github.com/PointerByte/lock-max/dragon-cmk/proto/route.pb.go:320.14,322.3 1 1
github.com/PointerByte/lock-max/dragon-cmk/proto/route.pb.go:323.2,323.10 1 1
github.com/PointerByte/lock-max/dragon-cmk/proto/route.pb.go:326.47,327.14 1 4
github.com/PointerByte/lock-max/dragon-cmk/proto/route.pb.go:327.14,329.3 1 3
github.com/PointerByte/lock-max/dragon-cmk/proto/route.pb.go:330.2,330.47 1 1
github.com/PointerByte/lock-max/dragon-cmk/proto/route.pb.go:333.43,334.14 1 2
github.com/PointerByte/lock-max/dragon-cmk/proto/route.pb.go:334.14,336.3 1 1
github.com/PointerByte/lock-max/dragon-cmk/proto/route.pb.go:337.2,337.43 1 1
github.com/PointerByte/lock-max/dragon-cmk/proto/route.pb.go:340.39,341.14 1 2
github.com/PointerByte/lock-max/dragon-cmk/proto/route.pb.go:341.14,343.3 1 1
github.com/PointerByte/lock-max/dragon-cmk/proto/route.pb.go:344.2,344.39 1 1
github.com/PointerByte/lock-max/dragon-cmk/proto/route.pb.go:358.35,363.2 4 2
github.com/PointerByte/lock-max/dragon-cmk/proto/route.pb.go:365.43,367.2 1 1
github.com/PointerByte/lock-max/dragon-cmk/proto/route.pb.go:369.41,369.42 0 0
github.com/PointerByte/lock-max/dragon-cmk/proto/route.pb.go:371.63,373.14 2 22
github.com/PointerByte/lock-max/dragon-cmk/proto/route.pb.go:373.14,375.34 2 10
github.com/PointerByte/lock-max/dragon-cmk/proto/route.pb.go:375.34,377.4 1 6
github.com/PointerByte/lock-max/dragon-cmk/proto/route.pb.go:378.3,378.12 1 10
github.com/PointerByte/lock-max/dragon-cmk/proto/route.pb.go:380.2,380.24 1 12
github.com/PointerByte/lock-max/dragon-cmk/proto/route.pb.go:384.54,386.2 1 1
github.com/PointerByte/lock-max/dragon-cmk/proto/route.pb.go:388.59,389.14 1 4
github.com/PointerByte/lock-max/dragon-cmk/proto/route.pb.go:389.14,391.3 1 3
github.com/PointerByte/lock-max/dragon-cmk/proto/route.pb.go:392.2,392.11 1 1
github.com/PointerByte/lock-max/dragon-cmk/proto/route.pb.go:395.48,396.14 1 2
github.com/PointerByte/lock-max/dragon-cmk/proto/route.pb.go:396.14,398.3 1 1
github.com/PointerByte/lock-max/dragon-cmk/proto/route.pb.go:399.2,399.11 1 1
github.com/PointerByte/lock-max/dragon-cmk/proto/route.pb.go:402.46,403.14 1 2
github.com/PointerByte/lock-max/dragon-cmk/proto/route.pb.go:403.14,405.3 1 1
github.com/PointerByte/lock-max/dragon-cmk/proto/route.pb.go:406.2,406.11 1 1
github.com/PointerByte/lock-max/dragon-cmk/proto/route.pb.go:409.47,410.14 1 2
github.com/PointerByte/lock-max/dragon-cmk/proto/route.pb.go:410.14,412.3 1 1
github.com/PointerByte/lock-max/dragon-cmk/proto/route.pb.go:413.2,413.11 1 1
github.com/PointerByte/lock-max/dragon-cmk/proto/route.pb.go:416.49,417.14 1 2
github.com/PointerByte/lock-max/dragon-cmk/proto/route.pb.go:417.14,419.3 1 1
github.com/PointerByte/lock-max/dragon-cmk/proto/route.pb.go:420.2,420.11 1 1
github.com/PointerByte/lock-max/dragon-cmk/proto/route.pb.go:431.35,436.2 4 2
github.com/PointerByte/lock-max/dragon-cmk/proto/route.pb.go:438.43,440.2 1 1
github.com/PointerByte/lock-max/dragon-cmk/proto/route.pb.go:442.41,442.42 0 0
github.com/PointerByte/lock-max/dragon-cmk/proto/route.pb.go:444.63,446.14 2 26
github.com/PointerByte/lock-max/dragon-cmk/proto/route.pb.go:446.14,448.34 2 11
github.com/PointerByte/lock-max/dragon-cmk/proto/route.pb.go:448.34,450.4 1 7
github.com/PointerByte/lock-max/dragon-cmk/proto/route.pb.go:451.3,451.12 1 11
github.com/PointerByte/lock-max/dragon-cmk/proto/route.pb.go:453.2,453.24 1 15
github.com/PointerByte/lock-max/dragon-cmk/proto/route.pb.go:457.54,459.2 1 1
github.com/PointerByte/lock-max/dragon-cmk/proto/route.pb.go:461.45,462.14 1 4
github.com/PointerByte/lock-max/dragon-cmk/proto/route.pb.go:462.14,464.3 1 3
github.com/PointerByte/lock-max/dragon-cmk/proto/route.pb.go:465.2,465.14 1 1
github.com/PointerByte/lock-max/dragon-cmk/proto/route.pb.go:468.47,469.14 1 2
github.com/PointerByte/lock-max/dragon-cmk/proto/route.pb.go:469.14,471.3 1 1
github.com/PointerByte/lock-max/dragon-cmk/proto/route.pb.go:472.2,472.11 1 1
github.com/PointerByte/lock-max/dragon-cmk/proto/route.pb.go:481.45,486.2 4 2
github.com/PointerByte/lock-max/dragon-cmk/proto/route.pb.go:488.53,490.2 1 1
github.com/PointerByte/lock-max/dragon-cmk/proto/route.pb.go:492.51,492.52 0 0
github.com/PointerByte/lock-max/dragon-cmk/proto/route.pb.go:494.73,496.14 2 7
github.com/PointerByte/lock-max/dragon-cmk/proto/route.pb.go:496.14,498.34 2 7
github.com/PointerByte/lock-max/dragon-cmk/proto/route.pb.go:498.34,500.4 1 2
github.com/PointerByte/lock-max/dragon-cmk/proto/route.pb.go:501.3,501.12 1 7
github.com/PointerByte/lock-max/dragon-cmk/proto/route.pb.go:503.2,503.24 1 0
github.com/PointerByte/lock-max/dragon-cmk/proto/route.pb.go:507.64,509.2 1 1
github.com/PointerByte/lock-max/dragon-cmk/proto/route.pb.go:519.41,524.2 4 2
github.com/PointerByte/lock-max/dragon-cmk/proto/route.pb.go:526.49,528.2 1 1
github.com/PointerByte/lock-max/dragon-cmk/proto/route.pb.go:530.47,530.48 0 0
github.com/PointerByte/lock-max/dragon-cmk/proto/route.pb.go:532.69,534.14 2 6
github.com/PointerByte/lock-max/dragon-cmk/proto/route.pb.go:534.14,536.34 2 6
github.com/PointerByte/lock-max/dragon-cmk/proto/route.pb.go:536.34,538.4 1 2
github.com/PointerByte/lock-max/dragon-cmk/proto/route.pb.go:539.3,539.12 1 6
github.com/PointerByte/lock-max/dragon-cmk/proto/route.pb.go:541.2,541.24 1 0
github.com/PointerByte/lock-max/dragon-cmk/proto/route.pb.go:545.60,547.2 1 1
github.com/PointerByte/lock-max/dragon-cmk/proto/route.pb.go:549.54,550.14 1 2
github.com/PointerByte/lock-max/dragon-cmk/proto/route.pb.go:550.14,552.3 1 1
github.com/PointerByte/lock-max/dragon-cmk/proto/route.pb.go:553.2,553.11 1 1
github.com/PointerByte/lock-max/dragon-cmk/proto/route.pb.go:556.58,557.14 1 2
github.com/PointerByte/lock-max/dragon-cmk/proto/route.pb.go:557.14,559.3 1 1
github.com/PointerByte/lock-max/dragon-cmk/proto/route.pb.go:560.2,560.11 1 1
github.com/PointerByte/lock-max/dragon-cmk/proto/route.pb.go:572.33,577.2 4 2
github.com/PointerByte/lock-max/dragon-cmk/proto/route.pb.go:579.41,581.2 1 1
github.com/PointerByte/lock-max/dragon-cmk/proto/route.pb.go:583.39,583.40 0 0
github.com/PointerByte/lock-max/dragon-cmk/proto/route.pb.go:585.61,587.14 2 6
github.com/PointerByte/lock-max/dragon-cmk/proto/route.pb.go:587.14,589.34 2 6
github.com/PointerByte/lock-max/dragon-cmk/proto/route.pb.go:589.34,591.4 1 2
github.com/PointerByte/lock-max/dragon-cmk/proto/route.pb.go:592.3,592.12 1 6
github.com/PointerByte/lock-max/dragon-cmk/proto/route.pb.go:594.2,594.24 1 0
github.com/PointerByte/lock-max/dragon-cmk/proto/route.pb.go:598.52,600.2 1 1
github.com/PointerByte/lock-max/dragon-cmk/proto/route.pb.go:602.43,603.14 1 2
github.com/PointerByte/lock-max/dragon-cmk/proto/route.pb.go:603.14,605.3 1 1
github.com/PointerByte/lock-max/dragon-cmk/proto/route.pb.go:606.2,606.11 1 1
github.com/PointerByte/lock-max/dragon-cmk/proto/route.pb.go:609.47,610.14 1 2
github.com/PointerByte/lock-max/dragon-cmk/proto/route.pb.go:610.14,612.3 1 1
github.com/PointerByte/lock-max/dragon-cmk/proto/route.pb.go:613.2,613.11 1 1
github.com/PointerByte/lock-max/dragon-cmk/proto/route.pb.go:616.63,617.14 1 2
github.com/PointerByte/lock-max/dragon-cmk/proto/route.pb.go:617.14,619.3 1 1
github.com/PointerByte/lock-max/dragon-cmk/proto/route.pb.go:620.2,620.12 1 1
github.com/PointerByte/lock-max/dragon-cmk/proto/route.pb.go:634.33,639.2 4 2
github.com/PointerByte/lock-max/dragon-cmk/proto/route.pb.go:641.41,643.2 1 1
github.com/PointerByte/lock-max/dragon-cmk/proto/route.pb.go:645.39,645.40 0 0
github.com/PointerByte/lock-max/dragon-cmk/proto/route.pb.go:647.61,649.14 2 14
github.com/PointerByte/lock-max/dragon-cmk/proto/route.pb.go:649.14,651.34 2 8
github.com/PointerByte/lock-max/dragon-cmk/proto/route.pb.go:651.34,653.4 1 4
github.com/PointerByte/lock-max/dragon-cmk/proto/route.pb.go:654.3,654.12 1 8
github.com/PointerByte/lock-max/dragon-cmk/proto/route.pb.go:656.2,656.24 1 6
github.com/PointerByte/lock-max/dragon-cmk/proto/route.pb.go:660.52,662.2 1 1
github.com/PointerByte/lock-max/dragon-cmk/proto/route.pb.go:664.49,665.14 1 2
github.com/PointerByte/lock-max/dragon-cmk/proto/route.pb.go:665.14,667.3 1 1
github.com/PointerByte/lock-max/dragon-cmk/proto/route.pb.go:668.2,668.11 1 1
github.com/PointerByte/lock-max/dragon-cmk/proto/route.pb.go:671.50,672.14 1 2
github.com/PointerByte/lock-max/dragon-cmk/proto/route.pb.go:672.14,674.3 1 1
github.com/PointerByte/lock-max/dragon-cmk/proto/route.pb.go:675.2,675.11 1 1
github.com/PointerByte/lock-max/dragon-cmk/proto/route.pb.go:678.49,679.14 1 2
github.com/PointerByte/lock-max/dragon-cmk/proto/route.pb.go:679.14,681.3 1 1
github.com/PointerByte/lock-max/dragon-cmk/proto/route.pb.go:682.2,682.11 1 1
github.com/PointerByte/lock-max/dragon-cmk/proto/route.pb.go:685.63,686.14 1 2
github.com/PointerByte/lock-max/dragon-cmk/proto/route.pb.go:686.14,688.3 1 1
github.com/PointerByte/lock-max/dragon-cmk/proto/route.pb.go:689.2,689.12 1 1
github.com/PointerByte/lock-max/dragon-cmk/proto/route.pb.go:692.63,693.14 1 2
github.com/PointerByte/lock-max/dragon-cmk/proto/route.pb.go:693.14,695.3 1 1
github.com/PointerByte/lock-max/dragon-cmk/proto/route.pb.go:696.2,696.12 1 1
github.com/PointerByte/lock-max/dragon-cmk/proto/route.pb.go:708.42,713.2 4 2
github.com/PointerByte/lock-max/dragon-cmk/proto/route.pb.go:715.50,717.2 1 1
github.com/PointerByte/lock-max/dragon-cmk/proto/route.pb.go:719.48,719.49 0 0
github.com/PointerByte/lock-max/dragon-cmk/proto/route.pb.go:721.70,723.14 2 6
github.com/PointerByte/lock-max/dragon-cmk/proto/route.pb.go:723.14,725.34 2 6
github.com/PointerByte/lock-max/dragon-cmk/proto/route.pb.go:725.34,727.4 1 2
github.com/PointerByte/lock-max/dragon-cmk/proto/route.pb.go:728.3,728.12 1 6
github.com/PointerByte/lock-max/dragon-cmk/proto/route.pb.go:730.2,730.24 1 0
github.com/PointerByte/lock-max/dragon-cmk/proto/route.pb.go:734.61,736.2 1 1
github.com/PointerByte/lock-max/dragon-cmk/proto/route.pb.go:738.55,739.14 1 2
github.com/PointerByte/lock-max/dragon-cmk/proto/route.pb.go:739.14,741.3 1 1
github.com/PointerByte/lock-max/dragon-cmk/proto/route.pb.go:742.2,742.11 1 1
github.com/PointerByte/lock-max/dragon-cmk/proto/route.pb.go:745.59,746.14 1 2
github.com/PointerByte/lock-max/dragon-cmk/proto/route.pb.go:746.14,748.3 1 1
github.com/PointerByte/lock-max/dragon-cmk/proto/route.pb.go:749.2,749.11 1 1
github.com/PointerByte/lock-max/dragon-cmk/proto/route.pb.go:752.58,753.14 1 2
github.com/PointerByte/lock-max/dragon-cmk/proto/route.pb.go:753.14,755.3 1 1
github.com/PointerByte/lock-max/dragon-cmk/proto/route.pb.go:756.2,756.11 1 1
github.com/PointerByte/lock-max/dragon-cmk/proto/route.pb.go:766.43,771.2 4 2
github.com/PointerByte/lock-max/dragon-cmk/proto/route.pb.go:773.51,775.2 1 1
github.com/PointerByte/lock-max/dragon-cmk/proto/route.pb.go:777.49,777.50 0 0
github.com/PointerByte/lock-max/dragon-cmk/proto/route.pb.go:779.71,781.14 2 6
github.com/PointerByte/lock-max/dragon-cmk/proto/route.pb.go:781.14,783.34 2 6
github.com/PointerByte/lock-max/dragon-cmk/proto/route.pb.go:783.34,785.4 1 2
github.com/PointerByte/lock-max/dragon-cmk/proto/route.pb.go:786.3,786.12 1 6
github.com/PointerByte/lock-max/dragon-cmk/proto/route.pb.go:788.2,788.24 1 0
github.com/PointerByte/lock-max/dragon-cmk/proto/route.pb.go:792.62,794.2 1 1
github.com/PointerByte/lock-max/dragon-cmk/proto/route.pb.go:796.65,797.14 1 2
github.com/PointerByte/lock-max/dragon-cmk/proto/route.pb.go:797.14,799.3 1 1
github.com/PointerByte/lock-max/dragon-cmk/proto/route.pb.go:800.2,800.12 1 1
github.com/PointerByte/lock-max/dragon-cmk/proto/route.pb.go:811.41,816.2 4 2
github.com/PointerByte/lock-max/dragon-cmk/proto/route.pb.go:818.49,820.2 1 1
github.com/PointerByte/lock-max/dragon-cmk/proto/route.pb.go:822.47,822.48 0 0
github.com/PointerByte/lock-max/dragon-cmk/proto/route.pb.go:824.69,826.14 2 6
github.com/PointerByte/lock-max/dragon-cmk/proto/route.pb.go:826.14,828.34 2 6
github.com/PointerByte/lock-max/dragon-cmk/proto/route.pb.go:828.34,830.4 1 2
github.com/PointerByte/lock-max/dragon-cmk/proto/route.pb.go:831.3,831.12 1 6
github.com/PointerByte/lock-max/dragon-cmk/proto/route.pb.go:833.2,833.24 1 0
github.com/PointerByte/lock-max/dragon-cmk/proto/route.pb.go:837.60,839.2 1 1
github.com/PointerByte/lock-max/dragon-cmk/proto/route.pb.go:841.50,842.14 1 2
github.com/PointerByte/lock-max/dragon-cmk/proto/route.pb.go:842.14,844.3 1 1
github.com/PointerByte/lock-max/dragon-cmk/proto/route.pb.go:845.2,845.10 1 1
github.com/PointerByte/lock-max/dragon-cmk/proto/route.pb.go:848.64,849.14 1 2
github.com/PointerByte/lock-max/dragon-cmk/proto/route.pb.go:849.14,851.3 1 1
github.com/PointerByte/lock-max/dragon-cmk/proto/route.pb.go:852.2,852.10 1 1
github.com/PointerByte/lock-max/dragon-cmk/proto/route.pb.go:863.42,868.2 4 2
github.com/PointerByte/lock-max/dragon-cmk/proto/route.pb.go:870.50,872.2 1 1
github.com/PointerByte/lock-max/dragon-cmk/proto/route.pb.go:874.48,874.49 0 0
github.com/PointerByte/lock-max/dragon-cmk/proto/route.pb.go:876.70,878.14 2 6
github.com/PointerByte/lock-max/dragon-cmk/proto/route.pb.go:878.14,880.34 2 6
github.com/PointerByte/lock-max/dragon-cmk/proto/route.pb.go:880.34,882.4 1 2
github.com/PointerByte/lock-max/dragon-cmk/proto/route.pb.go:883.3,883.12 1 6
github.com/PointerByte/lock-max/dragon-cmk/proto/route.pb.go:885.2,885.24 1 0
github.com/PointerByte/lock-max/dragon-cmk/proto/route.pb.go:889.61,891.2 1 1
github.com/PointerByte/lock-max/dragon-cmk/proto/route.pb.go:893.64,894.14 1 2
github.com/PointerByte/lock-max/dragon-cmk/proto/route.pb.go:894.14,896.3 1 1
github.com/PointerByte/lock-max/dragon-cmk/proto/route.pb.go:897.2,897.12 1 1
github.com/PointerByte/lock-max/dragon-cmk/proto/route.pb.go:900.62,901.14 1 2
github.com/PointerByte/lock-max/dragon-cmk/proto/route.pb.go:901.14,903.3 1 1
github.com/PointerByte/lock-max/dragon-cmk/proto/route.pb.go:904.2,904.12 1 1
github.com/PointerByte/lock-max/dragon-cmk/proto/route.pb.go:914.39,919.2 4 2
github.com/PointerByte/lock-max/dragon-cmk/proto/route.pb.go:921.47,923.2 1 1
github.com/PointerByte/lock-max/dragon-cmk/proto/route.pb.go:925.45,925.46 0 0
github.com/PointerByte/lock-max/dragon-cmk/proto/route.pb.go:927.67,929.14 2 6
github.com/PointerByte/lock-max/dragon-cmk/proto/route.pb.go:929.14,931.34 2 6
github.com/PointerByte/lock-max/dragon-cmk/proto/route.pb.go:931.34,933.4 1 2
github.com/PointerByte/lock-max/dragon-cmk/proto/route.pb.go:934.3,934.12 1 6
github.com/PointerByte/lock-max/dragon-cmk/proto/route.pb.go:936.2,936.24 1 0
github.com/PointerByte/lock-max/dragon-cmk/proto/route.pb.go:940.58,942.2 1 1
github.com/PointerByte/lock-max/dragon-cmk/proto/route.pb.go:944.52,945.14 1 2
github.com/PointerByte/lock-max/dragon-cmk/proto/route.pb.go:945.14,947.3 1 1
github.com/PointerByte/lock-max/dragon-cmk/proto/route.pb.go:948.2,948.11 1 1
github.com/PointerByte/lock-max/dragon-cmk/proto/route.pb.go:958.42,963.2 4 2
github.com/PointerByte/lock-max/dragon-cmk/proto/route.pb.go:965.50,967.2 1 1
github.com/PointerByte/lock-max/dragon-cmk/proto/route.pb.go:969.48,969.49 0 0
github.com/PointerByte/lock-max/dragon-cmk/proto/route.pb.go:971.70,973.14 2 6
github.com/PointerByte/lock-max/dragon-cmk/proto/route.pb.go:973.14,975.34 2 6
github.com/PointerByte/lock-max/dragon-cmk/proto/route.pb.go:975.34,977.4 1 2
github.com/PointerByte/lock-max/dragon-cmk/proto/route.pb.go:978.3,978.12 1 6
github.com/PointerByte/lock-max/dragon-cmk/proto/route.pb.go:980.2,980.24 1 0
github.com/PointerByte/lock-max/dragon-cmk/proto/route.pb.go:984.61,986.2 1 1
github.com/PointerByte/lock-max/dragon-cmk/proto/route.pb.go:988.55,989.14 1 2
github.com/PointerByte/lock-max/dragon-cmk/proto/route.pb.go:989.14,991.3 1 1
github.com/PointerByte/lock-max/dragon-cmk/proto/route.pb.go:992.2,992.11 1 1
github.com/PointerByte/lock-max/dragon-cmk/proto/route.pb.go:1001.33,1006.2 4 4
github.com/PointerByte/lock-max/dragon-cmk/proto/route.pb.go:1008.41,1010.2 1 1
github.com/PointerByte/lock-max/dragon-cmk/proto/route.pb.go:1012.39,1012.40 0 0
github.com/PointerByte/lock-max/dragon-cmk/proto/route.pb.go:1014.61,1016.14 2 15
github.com/PointerByte/lock-max/dragon-cmk/proto/route.pb.go:1016.14,1018.34 2 15
github.com/PointerByte/lock-max/dragon-cmk/proto/route.pb.go:1018.34,1020.4 1 6
github.com/PointerByte/lock-max/dragon-cmk/proto/route.pb.go:1021.3,1021.12 1 15
github.com/PointerByte/lock-max/dragon-cmk/proto/route.pb.go:1023.2,1023.24 1 0
github.com/PointerByte/lock-max/dragon-cmk/proto/route.pb.go:1027.52,1029.2 1 1
github.com/PointerByte/lock-max/dragon-cmk/proto/route.pb.go:1040.34,1045.2 4 4
github.com/PointerByte/lock-max/dragon-cmk/proto/route.pb.go:1047.42,1049.2 1 1
github.com/PointerByte/lock-max/dragon-cmk/proto/route.pb.go:1051.40,1051.41 0 0
github.com/PointerByte/lock-max/dragon-cmk/proto/route.pb.go:1053.62,1055.14 2 12
github.com/PointerByte/lock-max/dragon-cmk/proto/route.pb.go:1055.14,1057.34 2 12
github.com/PointerByte/lock-max/dragon-cmk/proto/route.pb.go:1057.34,1059.4 1 6
github.com/PointerByte/lock-max/dragon-cmk/proto/route.pb.go:1060.3,1060.12 1 12
github.com/PointerByte/lock-max/dragon-cmk/proto/route.pb.go:1062.2,1062.24 1 0
github.com/PointerByte/lock-max/dragon-cmk/proto/route.pb.go:1066.53,1068.2 1 1
github.com/PointerByte/lock-max/dragon-cmk/proto/route.pb.go:1070.46,1071.14 1 4
github.com/PointerByte/lock-max/dragon-cmk/proto/route.pb.go:1071.14,1073.3 1 3
github.com/PointerByte/lock-max/dragon-cmk/proto/route.pb.go:1074.2,1074.11 1 1
github.com/PointerByte/lock-max/dragon-cmk/proto/route.pb.go:1077.46,1078.14 1 4
github.com/PointerByte/lock-max/dragon-cmk/proto/route.pb.go:1078.14,1080.3 1 3
github.com/PointerByte/lock-max/dragon-cmk/proto/route.pb.go:1081.2,1081.11 1 1
github.com/PointerByte/lock-max/dragon-cmk/proto/route.pb.go:1084.44,1085.14 1 2
github.com/PointerByte/lock-max/dragon-cmk/proto/route.pb.go:1085.14,1087.3 1 1
github.com/PointerByte/lock-max/dragon-cmk/proto/route.pb.go:1088.2,1088.11 1 1
github.com/PointerByte/lock-max/dragon-cmk/proto/route.pb.go:1101.30,1106.2 4 0
github.com/PointerByte/lock-max/dragon-cmk/proto/route.pb.go:1108.38,1110.2 1 0
github.com/PointerByte/lock-max/dragon-cmk/proto/route.pb.go:1112.36,1112.37 0 0
github.com/PointerByte/lock-max/dragon-cmk/proto/route.pb.go:1114.58,1116.14 2 4
github.com/PointerByte/lock-max/dragon-cmk/proto/route.pb.go:1116.14,1118.34 2 1
github.com/PointerByte/lock-max/dragon-cmk/proto/route.pb.go:1118.34,1120.4 1 1
github.com/PointerByte/lock-max/dragon-cmk/proto/route.pb.go:1121.3,1121.12 1 1
github.com/PointerByte/lock-max/dragon-cmk/proto/route.pb.go:1123.2,1123.24 1 3
github.com/PointerByte/lock-max/dragon-cmk/proto/route.pb.go:1127.49,1129.2 1 0
github.com/PointerByte/lock-max/dragon-cmk/proto/route.pb.go:1131.49,1132.14 1 0
github.com/PointerByte/lock-max/dragon-cmk/proto/route.pb.go:1132.14,1134.3 1 0
github.com/PointerByte/lock-max/dragon-cmk/proto/route.pb.go:1135.2,1135.10 1 0
github.com/PointerByte/lock-max/dragon-cmk/proto/route.pb.go:1138.45,1139.14 1 0
github.com/PointerByte/lock-max/dragon-cmk/proto/route.pb.go:1139.14,1141.3 1 0
github.com/PointerByte/lock-max/dragon-cmk/proto/route.pb.go:1142.2,1142.10 1 0
github.com/PointerByte/lock-max/dragon-cmk/proto/route.pb.go:1145.53,1146.14 1 0
github.com/PointerByte/lock-max/dragon-cmk/proto/route.pb.go:1146.14,1148.3 1 0
github.com/PointerByte/lock-max/dragon-cmk/proto/route.pb.go:1149.2,1149.10 1 0
github.com/PointerByte/lock-max/dragon-cmk/proto/route.pb.go:1152.42,1153.14 1 0
github.com/PointerByte/lock-max/dragon-cmk/proto/route.pb.go:1153.14,1155.3 1 0
github.com/PointerByte/lock-max/dragon-cmk/proto/route.pb.go:1156.2,1156.10 1 0
github.com/PointerByte/lock-max/dragon-cmk/proto/route.pb.go:1170.32,1175.2 4 0
github.com/PointerByte/lock-max/dragon-cmk/proto/route.pb.go:1177.40,1179.2 1 0
github.com/PointerByte/lock-max/dragon-cmk/proto/route.pb.go:1181.38,1181.39 0 0
github.com/PointerByte/lock-max/dragon-cmk/proto/route.pb.go:1183.60,1185.14 2 0
github.com/PointerByte/lock-max/dragon-cmk/proto/route.pb.go:1185.14,1187.34 2 0
github.com/PointerByte/lock-max/dragon-cmk/proto/route.pb.go:1187.34,1189.4 1 0
github.com/PointerByte/lock-max/dragon-cmk/proto/route.pb.go:1190.3,1190.12 1 0
github.com/PointerByte/lock-max/dragon-cmk/proto/route.pb.go:1192.2,1192.24 1 0
github.com/PointerByte/lock-max/dragon-cmk/proto/route.pb.go:1196.51,1198.2 1 0
github.com/PointerByte/lock-max/dragon-cmk/proto/route.pb.go:1200.45,1201.14 1 0
github.com/PointerByte/lock-max/dragon-cmk/proto/route.pb.go:1201.14,1203.3 1 0
github.com/PointerByte/lock-max/dragon-cmk/proto/route.pb.go:1204.2,1204.11 1 0
github.com/PointerByte/lock-max/dragon-cmk/proto/route.pb.go:1207.52,1208.14 1 0
github.com/PointerByte/lock-max/dragon-cmk/proto/route.pb.go:1208.14,1210.3 1 0
github.com/PointerByte/lock-max/dragon-cmk/proto/route.pb.go:1211.2,1211.11 1 0
github.com/PointerByte/lock-max/dragon-cmk/proto/route.pb.go:1214.52,1215.14 1 0
github.com/PointerByte/lock-max/dragon-cmk/proto/route.pb.go:1215.14,1217.3 1 0
github.com/PointerByte/lock-max/dragon-cmk/proto/route.pb.go:1218.2,1218.47 1 0
github.com/PointerByte/lock-max/dragon-cmk/proto/route.pb.go:1221.48,1222.14 1 0
github.com/PointerByte/lock-max/dragon-cmk/proto/route.pb.go:1222.14,1224.3 1 0
github.com/PointerByte/lock-max/dragon-cmk/proto/route.pb.go:1225.2,1225.43 1 0
github.com/PointerByte/lock-max/dragon-cmk/proto/route.pb.go:1228.44,1229.14 1 0
github.com/PointerByte/lock-max/dragon-cmk/proto/route.pb.go:1229.14,1231.3 1 0
github.com/PointerByte/lock-max/dragon-cmk/proto/route.pb.go:1232.2,1232.39 1 0
github.com/PointerByte/lock-max/dragon-cmk/proto/route.pb.go:1244.38,1249.2 4 0
github.com/PointerByte/lock-max/dragon-cmk/proto/route.pb.go:1251.46,1253.2 1 0
github.com/PointerByte/lock-max/dragon-cmk/proto/route.pb.go:1255.44,1255.45 0 0
github.com/PointerByte/lock-max/dragon-cmk/proto/route.pb.go:1257.66,1259.14 2 0
github.com/PointerByte/lock-max/dragon-cmk/proto/route.pb.go:1259.14,1261.34 2 0
github.com/PointerByte/lock-max/dragon-cmk/proto/route.pb.go:1261.34,1263.4 1 0
github.com/PointerByte/lock-max/dragon-cmk/proto/route.pb.go:1264.3,1264.12 1 0
github.com/PointerByte/lock-max/dragon-cmk/proto/route.pb.go:1266.2,1266.24 1 0
github.com/PointerByte/lock-max/dragon-cmk/proto/route.pb.go:1270.57,1272.2 1 0
github.com/PointerByte/lock-max/dragon-cmk/proto/route.pb.go:1274.48,1275.14 1 0
github.com/PointerByte/lock-max/dragon-cmk/proto/route.pb.go:1275.14,1277.3 1 0
github.com/PointerByte/lock-max/dragon-cmk/proto/route.pb.go:1278.2,1278.11 1 0
github.com/PointerByte/lock-max/dragon-cmk/proto/route.pb.go:1281.47,1282.14 1 0
github.com/PointerByte/lock-max/dragon-cmk/proto/route.pb.go:1282.14,1284.3 1 0
github.com/PointerByte/lock-max/dragon-cmk/proto/route.pb.go:1285.2,1285.10 1 0
github.com/PointerByte/lock-max/dragon-cmk/proto/route.pb.go:1288.61,1289.14 1 0
github.com/PointerByte/lock-max/dragon-cmk/proto/route.pb.go:1289.14,1291.3 1 0
github.com/PointerByte/lock-max/dragon-cmk/proto/route.pb.go:1292.2,1292.10 1 0
github.com/PointerByte/lock-max/dragon-cmk/proto/route.pb.go:1303.39,1308.2 4 0
github.com/PointerByte/lock-max/dragon-cmk/proto/route.pb.go:1310.47,1312.2 1 0
github.com/PointerByte/lock-max/dragon-cmk/proto/route.pb.go:1314.45,1314.46 0 0
github.com/PointerByte/lock-max/dragon-cmk/proto/route.pb.go:1316.67,1318.14 2 0
github.com/PointerByte/lock-max/dragon-cmk/proto/route.pb.go:1318.14,1320.34 2 0
github.com/PointerByte/lock-max/dragon-cmk/proto/route.pb.go:1320.34,1322.4 1 0
github.com/PointerByte/lock-max/dragon-cmk/proto/route.pb.go:1323.3,1323.12 1 0
github.com/PointerByte/lock-max/dragon-cmk/proto/route.pb.go:1325.2,1325.24 1 0
github.com/PointerByte/lock-max/dragon-cmk/proto/route.pb.go:1329.58,1331.2 1 0
github.com/PointerByte/lock-max/dragon-cmk/proto/route.pb.go:1333.60,1334.14 1 0
github.com/PointerByte/lock-max/dragon-cmk/proto/route.pb.go:1334.14,1336.3 1 0
github.com/PointerByte/lock-max/dragon-cmk/proto/route.pb.go:1337.2,1337.12 1 0
github.com/PointerByte/lock-max/dragon-cmk/proto/route.pb.go:1340.59,1341.14 1 0
github.com/PointerByte/lock-max/dragon-cmk/proto/route.pb.go:1341.14,1343.3 1 0
github.com/PointerByte/lock-max/dragon-cmk/proto/route.pb.go:1344.2,1344.12 1 0
github.com/PointerByte/lock-max/dragon-cmk/proto/route.pb.go:1359.36,1364.2 4 4
github.com/PointerByte/lock-max/dragon-cmk/proto/route.pb.go:1366.44,1368.2 1 1
github.com/PointerByte/lock-max/dragon-cmk/proto/route.pb.go:1370.42,1370.43 0 0
github.com/PointerByte/lock-max/dragon-cmk/proto/route.pb.go:1372.64,1374.14 2 12
github.com/PointerByte/lock-max/dragon-cmk/proto/route.pb.go:1374.14,1376.34 2 12
github.com/PointerByte/lock-max/dragon-cmk/proto/route.pb.go:1376.34,1378.4 1 6
github.com/PointerByte/lock-max/dragon-cmk/proto/route.pb.go:1379.3,1379.12 1 12
github.com/PointerByte/lock-max/dragon-cmk/proto/route.pb.go:1381.2,1381.24 1 0
github.com/PointerByte/lock-max/dragon-cmk/proto/route.pb.go:1385.55,1387.2 1 1
github.com/PointerByte/lock-max/dragon-cmk/proto/route.pb.go:1389.49,1390.14 1 4
github.com/PointerByte/lock-max/dragon-cmk/proto/route.pb.go:1390.14,1392.3 1 3
github.com/PointerByte/lock-max/dragon-cmk/proto/route.pb.go:1393.2,1393.11 1 1
github.com/PointerByte/lock-max/dragon-cmk/proto/route.pb.go:1396.56,1397.14 1 4
github.com/PointerByte/lock-max/dragon-cmk/proto/route.pb.go:1397.14,1399.3 1 3
github.com/PointerByte/lock-max/dragon-cmk/proto/route.pb.go:1400.2,1400.47 1 1
github.com/PointerByte/lock-max/dragon-cmk/proto/route.pb.go:1403.45,1404.14 1 4
github.com/PointerByte/lock-max/dragon-cmk/proto/route.pb.go:1404.14,1406.3 1 3
github.com/PointerByte/lock-max/dragon-cmk/proto/route.pb.go:1407.2,1407.10 1 1
github.com/PointerByte/lock-max/dragon-cmk/proto/route.pb.go:1410.52,1411.14 1 4
github.com/PointerByte/lock-max/dragon-cmk/proto/route.pb.go:1411.14,1413.3 1 3
github.com/PointerByte/lock-max/dragon-cmk/proto/route.pb.go:1414.2,1414.43 1 1
github.com/PointerByte/lock-max/dragon-cmk/proto/route.pb.go:1417.48,1418.14 1 4
github.com/PointerByte/lock-max/dragon-cmk/proto/route.pb.go:1418.14,1420.3 1 3
github.com/PointerByte/lock-max/dragon-cmk/proto/route.pb.go:1421.2,1421.10 1 1
github.com/PointerByte/lock-max/dragon-cmk/proto/route.pb.go:1424.56,1425.14 1 2
github.com/PointerByte/lock-max/dragon-cmk/proto/route.pb.go:1425.14,1427.3 1 1
github.com/PointerByte/lock-max/dragon-cmk/proto/route.pb.go:1428.2,1428.48 1 1
github.com/PointerByte/lock-max/dragon-cmk/proto/route.pb.go:1439.37,1444.2 4 4
github.com/PointerByte/lock-max/dragon-cmk/proto/route.pb.go:1446.45,1448.2 1 1
github.com/PointerByte/lock-max/dragon-cmk/proto/route.pb.go:1450.43,1450.44 0 0
github.com/PointerByte/lock-max/dragon-cmk/proto/route.pb.go:1452.65,1454.14 2 12
github.com/PointerByte/lock-max/dragon-cmk/proto/route.pb.go:1454.14,1456.34 2 12
github.com/PointerByte/lock-max/dragon-cmk/proto/route.pb.go:1456.34,1458.4 1 6
github.com/PointerByte/lock-max/dragon-cmk/proto/route.pb.go:1459.3,1459.12 1 12
github.com/PointerByte/lock-max/dragon-cmk/proto/route.pb.go:1461.2,1461.24 1 0
github.com/PointerByte/lock-max/dragon-cmk/proto/route.pb.go:1465.56,1467.2 1 1
github.com/PointerByte/lock-max/dragon-cmk/proto/route.pb.go:1469.54,1470.14 1 4
github.com/PointerByte/lock-max/dragon-cmk/proto/route.pb.go:1470.14,1472.3 1 3
github.com/PointerByte/lock-max/dragon-cmk/proto/route.pb.go:1473.2,1473.11 1 1
github.com/PointerByte/lock-max/dragon-cmk/proto/route.pb.go:1476.47,1477.14 1 4
github.com/PointerByte/lock-max/dragon-cmk/proto/route.pb.go:1477.14,1479.3 1 3
github.com/PointerByte/lock-max/dragon-cmk/proto/route.pb.go:1480.2,1480.12 1 1
github.com/PointerByte/lock-max/dragon-cmk/proto/route.pb.go:1490.36,1495.2 4 4
github.com/PointerByte/lock-max/dragon-cmk/proto/route.pb.go:1497.44,1499.2 1 1
github.com/PointerByte/lock-max/dragon-cmk/proto/route.pb.go:1501.42,1501.43 0 0
github.com/PointerByte/lock-max/dragon-cmk/proto/route.pb.go:1503.64,1505.14 2 12
github.com/PointerByte/lock-max/dragon-cmk/proto/route.pb.go:1505.14,1507.34 2 12
github.com/PointerByte/lock-max/dragon-cmk/proto/route.pb.go:1507.34,1509.4 1 6
github.com/PointerByte/lock-max/dragon-cmk/proto/route.pb.go:1510.3,1510.12 1 12
github.com/PointerByte/lock-max/dragon-cmk/proto/route.pb.go:1512.2,1512.24 1 0
github.com/PointerByte/lock-max/dragon-cmk/proto/route.pb.go:1516.55,1518.2 1 1
github.com/PointerByte/lock-max/dragon-cmk/proto/route.pb.go:1520.53,1521.14 1 4
github.com/PointerByte/lock-max/dragon-cmk/proto/route.pb.go:1521.14,1523.3 1 3
github.com/PointerByte/lock-max/dragon-cmk/proto/route.pb.go:1524.2,1524.11 1 1
github.com/PointerByte/lock-max/dragon-cmk/proto/route.pb.go:1535.37,1540.2 4 4
github.com/PointerByte/lock-max/dragon-cmk/proto/route.pb.go:1542.45,1544.2 1 1
github.com/PointerByte/lock-max/dragon-cmk/proto/route.pb.go:1546.43,1546.44 0 0
github.com/PointerByte/lock-max/dragon-cmk/proto/route.pb.go:1548.65,1550.14 2 12
github.com/PointerByte/lock-max/dragon-cmk/proto/route.pb.go:1550.14,1552.34 2 12
github.com/PointerByte/lock-max/dragon-cmk/proto/route.pb.go:1552.34,1554.4 1 6
github.com/PointerByte/lock-max/dragon-cmk/proto/route.pb.go:1555.3,1555.12 1 12
github.com/PointerByte/lock-max/dragon-cmk/proto/route.pb.go:1557.2,1557.24 1 0
github.com/PointerByte/lock-max/dragon-cmk/proto/route.pb.go:1561.56,1563.2 1 1
github.com/PointerByte/lock-max/dragon-cmk/proto/route.pb.go:1565.54,1566.14 1 4
github.com/PointerByte/lock-max/dragon-cmk/proto/route.pb.go:1566.14,1568.3 1 3
github.com/PointerByte/lock-max/dragon-cmk/proto/route.pb.go:1569.2,1569.11 1 1
github.com/PointerByte/lock-max/dragon-cmk/proto/route.pb.go:1572.50,1573.14 1 2
github.com/PointerByte/lock-max/dragon-cmk/proto/route.pb.go:1573.14,1575.3 1 1
github.com/PointerByte/lock-max/dragon-cmk/proto/route.pb.go:1576.2,1576.12 1 1
github.com/PointerByte/lock-max/dragon-cmk/proto/route.pb.go:1586.40,1591.2 4 4
github.com/PointerByte/lock-max/dragon-cmk/proto/route.pb.go:1593.48,1595.2 1 1
github.com/PointerByte/lock-max/dragon-cmk/proto/route.pb.go:1597.46,1597.47 0 0
github.com/PointerByte/lock-max/dragon-cmk/proto/route.pb.go:1599.68,1601.14 2 12
github.com/PointerByte/lock-max/dragon-cmk/proto/route.pb.go:1601.14,1603.34 2 12
github.com/PointerByte/lock-max/dragon-cmk/proto/route.pb.go:1603.34,1605.4 1 6
github.com/PointerByte/lock-max/dragon-cmk/proto/route.pb.go:1606.3,1606.12 1 12
github.com/PointerByte/lock-max/dragon-cmk/proto/route.pb.go:1608.2,1608.24 1 0
github.com/PointerByte/lock-max/dragon-cmk/proto/route.pb.go:1612.59,1614.2 1 1
github.com/PointerByte/lock-max/dragon-cmk/proto/route.pb.go:1616.64,1617.14 1 4
github.com/PointerByte/lock-max/dragon-cmk/proto/route.pb.go:1617.14,1619.3 1 3
github.com/PointerByte/lock-max/dragon-cmk/proto/route.pb.go:1620.2,1620.11 1 1
github.com/PointerByte/lock-max/dragon-cmk/proto/route.pb.go:1631.41,1636.2 4 4
github.com/PointerByte/lock-max/dragon-cmk/proto/route.pb.go:1638.49,1640.2 1 1
github.com/PointerByte/lock-max/dragon-cmk/proto/route.pb.go:1642.47,1642.48 0 0
github.com/PointerByte/lock-max/dragon-cmk/proto/route.pb.go:1644.69,1646.14 2 12
github.com/PointerByte/lock-max/dragon-cmk/proto/route.pb.go:1646.14,1648.34 2 12
github.com/PointerByte/lock-max/dragon-cmk/proto/route.pb.go:1648.34,1650.4 1 6
github.com/PointerByte/lock-max/dragon-cmk/proto/route.pb.go:1651.3,1651.12 1 12
github.com/PointerByte/lock-max/dragon-cmk/proto/route.pb.go:1653.2,1653.24 1 0
github.com/PointerByte/lock-max/dragon-cmk/proto/route.pb.go:1657.60,1659.2 1 1
github.com/PointerByte/lock-max/dragon-cmk/proto/route.pb.go:1661.62,1662.14 1 4
github.com/PointerByte/lock-max/dragon-cmk/proto/route.pb.go:1662.14,1664.3 1 3
github.com/PointerByte/lock-max/dragon-cmk/proto/route.pb.go:1665.2,1665.12 1 1
github.com/PointerByte/lock-max/dragon-cmk/proto/route.pb.go:1668.67,1669.14 1 4
github.com/PointerByte/lock-max/dragon-cmk/proto/route.pb.go:1669.14,1671.3 1 3
github.com/PointerByte/lock-max/dragon-cmk/proto/route.pb.go:1672.2,1672.12 1 1
github.com/PointerByte/lock-max/dragon-cmk/proto/route.pb.go:1685.34,1690.2 4 4
github.com/PointerByte/lock-max/dragon-cmk/proto/route.pb.go:1692.42,1694.2 1 1
github.com/PointerByte/lock-max/dragon-cmk/proto/route.pb.go:1696.40,1696.41 0 0
github.com/PointerByte/lock-max/dragon-cmk/proto/route.pb.go:1698.62,1700.14 2 12
github.com/PointerByte/lock-max/dragon-cmk/proto/route.pb.go:1700.14,1702.34 2 12
github.com/PointerByte/lock-max/dragon-cmk/proto/route.pb.go:1702.34,1704.4 1 6
github.com/PointerByte/lock-max/dragon-cmk/proto/route.pb.go:1705.3,1705.12 1 12
github.com/PointerByte/lock-max/dragon-cmk/proto/route.pb.go:1707.2,1707.24 1 0
github.com/PointerByte/lock-max/dragon-cmk/proto/route.pb.go:1711.53,1713.2 1 1
github.com/PointerByte/lock-max/dragon-cmk/proto/route.pb.go:1715.48,1716.14 1 4
github.com/PointerByte/lock-max/dragon-cmk/proto/route.pb.go:1716.14,1718.3 1 3
github.com/PointerByte/lock-max/dragon-cmk/proto/route.pb.go:1719.2,1719.12 1 1
github.com/PointerByte/lock-max/dragon-cmk/proto/route.pb.go:1722.42,1723.14 1 4
github.com/PointerByte/lock-max/dragon-cmk/proto/route.pb.go:1723.14,1725.3 1 3
github.com/PointerByte/lock-max/dragon-cmk/proto/route.pb.go:1726.2,1726.11 1 1
github.com/PointerByte/lock-max/dragon-cmk/proto/route.pb.go:1729.51,1730.14 1 2
github.com/PointerByte/lock-max/dragon-cmk/proto/route.pb.go:1730.14,1732.3 1 1
github.com/PointerByte/lock-max/dragon-cmk/proto/route.pb.go:1733.2,1733.11 1 1
github.com/PointerByte/lock-max/dragon-cmk/proto/route.pb.go:1736.49,1737.14 1 4
github.com/PointerByte/lock-max/dragon-cmk/proto/route.pb.go:1737.14,1739.3 1 3
github.com/PointerByte/lock-max/dragon-cmk/proto/route.pb.go:1740.2,1740.11 1 1
github.com/PointerByte/lock-max/dragon-cmk/proto/route.pb.go:1752.35,1757.2 4 4
github.com/PointerByte/lock-max/dragon-cmk/proto/route.pb.go:1759.43,1761.2 1 1
github.com/PointerByte/lock-max/dragon-cmk/proto/route.pb.go:1763.41,1763.42 0 0
github.com/PointerByte/lock-max/dragon-cmk/proto/route.pb.go:1765.63,1767.14 2 12
github.com/PointerByte/lock-max/dragon-cmk/proto/route.pb.go:1767.14,1769.34 2 12
github.com/PointerByte/lock-max/dragon-cmk/proto/route.pb.go:1769.34,1771.4 1 6
github.com/PointerByte/lock-max/dragon-cmk/proto/route.pb.go:1772.3,1772.12 1 12
github.com/PointerByte/lock-max/dragon-cmk/proto/route.pb.go:1774.2,1774.24 1 0
github.com/PointerByte/lock-max/dragon-cmk/proto/route.pb.go:1778.54,1780.2 1 1
github.com/PointerByte/lock-max/dragon-cmk/proto/route.pb.go:1782.50,1783.14 1 4
github.com/PointerByte/lock-max/dragon-cmk/proto/route.pb.go:1783.14,1785.3 1 3
github.com/PointerByte/lock-max/dragon-cmk/proto/route.pb.go:1786.2,1786.12 1 1
github.com/PointerByte/lock-max/dragon-cmk/proto/route.pb.go:1789.45,1790.14 1 4
github.com/PointerByte/lock-max/dragon-cmk/proto/route.pb.go:1790.14,1792.3 1 3
github.com/PointerByte/lock-max/dragon-cmk/proto/route.pb.go:1793.2,1793.11 1 1
github.com/PointerByte/lock-max/dragon-cmk/proto/route.pb.go:1796.62,1797.14 1 2
github.com/PointerByte/lock-max/dragon-cmk/proto/route.pb.go:1797.14,1799.3 1 1
github.com/PointerByte/lock-max/dragon-cmk/proto/route.pb.go:1800.2,1800.12 1 1
github.com/PointerByte/lock-max/dragon-cmk/proto/route.pb.go:1815.34,1820.2 4 4
github.com/PointerByte/lock-max/dragon-cmk/proto/route.pb.go:1822.42,1824.2 1 1
github.com/PointerByte/lock-max/dragon-cmk/proto/route.pb.go:1826.40,1826.41 0 0
github.com/PointerByte/lock-max/dragon-cmk/proto/route.pb.go:1828.62,1830.14 2 12
github.com/PointerByte/lock-max/dragon-cmk/proto/route.pb.go:1830.14,1832.34 2 12
github.com/PointerByte/lock-max/dragon-cmk/proto/route.pb.go:1832.34,1834.4 1 6
github.com/PointerByte/lock-max/dragon-cmk/proto/route.pb.go:1835.3,1835.12 1 12
github.com/PointerByte/lock-max/dragon-cmk/proto/route.pb.go:1837.2,1837.24 1 0
github.com/PointerByte/lock-max/dragon-cmk/proto/route.pb.go:1841.53,1843.2 1 1
github.com/PointerByte/lock-max/dragon-cmk/proto/route.pb.go:1845.49,1846.14 1 4
github.com/PointerByte/lock-max/dragon-cmk/proto/route.pb.go:1846.14,1848.3 1 3
github.com/PointerByte/lock-max/dragon-cmk/proto/route.pb.go:1849.2,1849.12 1 1
github.com/PointerByte/lock-max/dragon-cmk/proto/route.pb.go:1852.42,1853.14 1 2
github.com/PointerByte/lock-max/dragon-cmk/proto/route.pb.go:1853.14,1855.3 1 1
github.com/PointerByte/lock-max/dragon-cmk/proto/route.pb.go:1856.2,1856.11 1 1
github.com/PointerByte/lock-max/dragon-cmk/proto/route.pb.go:1859.44,1860.14 1 2
github.com/PointerByte/lock-max/dragon-cmk/proto/route.pb.go:1860.14,1862.3 1 1
github.com/PointerByte/lock-max/dragon-cmk/proto/route.pb.go:1863.2,1863.11 1 1
github.com/PointerByte/lock-max/dragon-cmk/proto/route.pb.go:1866.61,1867.14 1 4
github.com/PointerByte/lock-max/dragon-cmk/proto/route.pb.go:1867.14,1869.3 1 3
github.com/PointerByte/lock-max/dragon-cmk/proto/route.pb.go:1870.2,1870.12 1 1
github.com/PointerByte/lock-max/dragon-cmk/proto/route.pb.go:1873.51,1874.14 1 2
github.com/PointerByte/lock-max/dragon-cmk/proto/route.pb.go:1874.14,1876.3 1 1
github.com/PointerByte/lock-max/dragon-cmk/proto/route.pb.go:1877.2,1877.11 1 1
github.com/PointerByte/lock-max/dragon-cmk/proto/route.pb.go:1880.49,1881.14 1 2
github.com/PointerByte/lock-max/dragon-cmk/proto/route.pb.go:1881.14,1883.3 1 1
github.com/PointerByte/lock-max/dragon-cmk/proto/route.pb.go:1884.2,1884.11 1 1
github.com/PointerByte/lock-max/dragon-cmk/proto/route.pb.go:1895.35,1900.2 4 4
github.com/PointerByte/lock-max/dragon-cmk/proto/route.pb.go:1902.43,1904.2 1 1
github.com/PointerByte/lock-max/dragon-cmk/proto/route.pb.go:1906.41,1906.42 0 0
github.com/PointerByte/lock-max/dragon-cmk/proto/route.pb.go:1908.63,1910.14 2 12
github.com/PointerByte/lock-max/dragon-cmk/proto/route.pb.go:1910.14,1912.34 2 12
github.com/PointerByte/lock-max/dragon-cmk/proto/route.pb.go:1912.34,1914.4 1 6
github.com/PointerByte/lock-max/dragon-cmk/proto/route.pb.go:1915.3,1915.12 1 12
github.com/PointerByte/lock-max/dragon-cmk/proto/route.pb.go:1917.2,1917.24 1 0
github.com/PointerByte/lock-max/dragon-cmk/proto/route.pb.go:1921.54,1923.2 1 1
github.com/PointerByte/lock-max/dragon-cmk/proto/route.pb.go:1925.49,1926.14 1 4
github.com/PointerByte/lock-max/dragon-cmk/proto/route.pb.go:1926.14,1928.3 1 3
github.com/PointerByte/lock-max/dragon-cmk/proto/route.pb.go:1929.2,1929.12 1 1
github.com/PointerByte/lock-max/dragon-cmk/proto/route.pb.go:1932.62,1933.14 1 4
github.com/PointerByte/lock-max/dragon-cmk/proto/route.pb.go:1933.14,1935.3 1 3
github.com/PointerByte/lock-max/dragon-cmk/proto/route.pb.go:1936.2,1936.12 1 1
github.com/PointerByte/lock-max/dragon-cmk/proto/route.pb.go:1948.31,1953.2 4 4
github.com/PointerByte/lock-max/dragon-cmk/proto/route.pb.go:1955.39,1957.2 1 1
github.com/PointerByte/lock-max/dragon-cmk/proto/route.pb.go:1959.37,1959.38 0 0
github.com/PointerByte/lock-max/dragon-cmk/proto/route.pb.go:1961.59,1963.14 2 12
github.com/PointerByte/lock-max/dragon-cmk/proto/route.pb.go:1963.14,1965.34 2 12
github.com/PointerByte/lock-max/dragon-cmk/proto/route.pb.go:1965.34,1967.4 1 6
github.com/PointerByte/lock-max/dragon-cmk/proto/route.pb.go:1968.3,1968.12 1 12
github.com/PointerByte/lock-max/dragon-cmk/proto/route.pb.go:1970.2,1970.24 1 0
github.com/PointerByte/lock-max/dragon-cmk/proto/route.pb.go:1974.50,1976.2 1 1
github.com/PointerByte/lock-max/dragon-cmk/proto/route.pb.go:1978.43,1979.14 1 4
github.com/PointerByte/lock-max/dragon-cmk/proto/route.pb.go:1979.14,1981.3 1 3
github.com/PointerByte/lock-max/dragon-cmk/proto/route.pb.go:1982.2,1982.12 1 1
github.com/PointerByte/lock-max/dragon-cmk/proto/route.pb.go:1985.39,1986.14 1 4
github.com/PointerByte/lock-max/dragon-cmk/proto/route.pb.go:1986.14,1988.3 1 3
github.com/PointerByte/lock-max/dragon-cmk/proto/route.pb.go:1989.2,1989.11 1 1
github.com/PointerByte/lock-max/dragon-cmk/proto/route.pb.go:1992.48,1993.14 1 2
github.com/PointerByte/lock-max/dragon-cmk/proto/route.pb.go:1993.14,1995.3 1 1
github.com/PointerByte/lock-max/dragon-cmk/proto/route.pb.go:1996.2,1996.11 1 1
github.com/PointerByte/lock-max/dragon-cmk/proto/route.pb.go:2008.32,2013.2 4 4
github.com/PointerByte/lock-max/dragon-cmk/proto/route.pb.go:2015.40,2017.2 1 1
github.com/PointerByte/lock-max/dragon-cmk/proto/route.pb.go:2019.38,2019.39 0 0
github.com/PointerByte/lock-max/dragon-cmk/proto/route.pb.go:2021.60,2023.14 2 12
github.com/PointerByte/lock-max/dragon-cmk/proto/route.pb.go:2023.14,2025.34 2 12
github.com/PointerByte/lock-max/dragon-cmk/proto/route.pb.go:2025.34,2027.4 1 6
github.com/PointerByte/lock-max/dragon-cmk/proto/route.pb.go:2028.3,2028.12 1 12
github.com/PointerByte/lock-max/dragon-cmk/proto/route.pb.go:2030.2,2030.24 1 0
github.com/PointerByte/lock-max/dragon-cmk/proto/route.pb.go:2034.51,2036.2 1 1
github.com/PointerByte/lock-max/dragon-cmk/proto/route.pb.go:2038.46,2039.14 1 4
github.com/PointerByte/lock-max/dragon-cmk/proto/route.pb.go:2039.14,2041.3 1 3
github.com/PointerByte/lock-max/dragon-cmk/proto/route.pb.go:2042.2,2042.12 1 1
github.com/PointerByte/lock-max/dragon-cmk/proto/route.pb.go:2045.42,2046.14 1 4
github.com/PointerByte/lock-max/dragon-cmk/proto/route.pb.go:2046.14,2048.3 1 3
github.com/PointerByte/lock-max/dragon-cmk/proto/route.pb.go:2049.2,2049.11 1 1
github.com/PointerByte/lock-max/dragon-cmk/proto/route.pb.go:2052.59,2053.14 1 2
github.com/PointerByte/lock-max/dragon-cmk/proto/route.pb.go:2053.14,2055.3 1 1
github.com/PointerByte/lock-max/dragon-cmk/proto/route.pb.go:2056.2,2056.12 1 1
github.com/PointerByte/lock-max/dragon-cmk/proto/route.pb.go:2069.33,2074.2 4 4
github.com/PointerByte/lock-max/dragon-cmk/proto/route.pb.go:2076.41,2078.2 1 1
github.com/PointerByte/lock-max/dragon-cmk/proto/route.pb.go:2080.39,2080.40 0 0
github.com/PointerByte/lock-max/dragon-cmk/proto/route.pb.go:2082.61,2084.14 2 12
github.com/PointerByte/lock-max/dragon-cmk/proto/route.pb.go:2084.14,2086.34 2 12
github.com/PointerByte/lock-max/dragon-cmk/proto/route.pb.go:2086.34,2088.4 1 6
github.com/PointerByte/lock-max/dragon-cmk/proto/route.pb.go:2089.3,2089.12 1 12
github.com/PointerByte/lock-max/dragon-cmk/proto/route.pb.go:2091.2,2091.24 1 0
github.com/PointerByte/lock-max/dragon-cmk/proto/route.pb.go:2095.52,2097.2 1 1
github.com/PointerByte/lock-max/dragon-cmk/proto/route.pb.go:2099.45,2100.14 1 2
github.com/PointerByte/lock-max/dragon-cmk/proto/route.pb.go:2100.14,2102.3 1 1
github.com/PointerByte/lock-max/dragon-cmk/proto/route.pb.go:2103.2,2103.12 1 1
github.com/PointerByte/lock-max/dragon-cmk/proto/route.pb.go:2106.47,2107.14 1 4
github.com/PointerByte/lock-max/dragon-cmk/proto/route.pb.go:2107.14,2109.3 1 3
github.com/PointerByte/lock-max/dragon-cmk/proto/route.pb.go:2110.2,2110.12 1 1
github.com/PointerByte/lock-max/dragon-cmk/proto/route.pb.go:2113.41,2114.14 1 4
github.com/PointerByte/lock-max/dragon-cmk/proto/route.pb.go:2114.14,2116.3 1 3
github.com/PointerByte/lock-max/dragon-cmk/proto/route.pb.go:2117.2,2117.11 1 1
github.com/PointerByte/lock-max/dragon-cmk/proto/route.pb.go:2120.50,2121.14 1 2
github.com/PointerByte/lock-max/dragon-cmk/proto/route.pb.go:2121.14,2123.3 1 1
github.com/PointerByte/lock-max/dragon-cmk/proto/route.pb.go:2124.2,2124.11 1 1
github.com/PointerByte/lock-max/dragon-cmk/proto/route.pb.go:2135.34,2140.2 4 4
github.com/PointerByte/lock-max/dragon-cmk/proto/route.pb.go:2142.42,2144.2 1 1
github.com/PointerByte/lock-max/dragon-cmk/proto/route.pb.go:2146.40,2146.41 0 0
github.com/PointerByte/lock-max/dragon-cmk/proto/route.pb.go:2148.62,2150.14 2 12
github.com/PointerByte/lock-max/dragon-cmk/proto/route.pb.go:2150.14,2152.34 2 12
github.com/PointerByte/lock-max/dragon-cmk/proto/route.pb.go:2152.34,2154.4 1 6
github.com/PointerByte/lock-max/dragon-cmk/proto/route.pb.go:2155.3,2155.12 1 12
github.com/PointerByte/lock-max/dragon-cmk/proto/route.pb.go:2157.2,2157.24 1 0
github.com/PointerByte/lock-max/dragon-cmk/proto/route.pb.go:2161.53,2163.2 1 1
github.com/PointerByte/lock-max/dragon-cmk/proto/route.pb.go:2165.42,2166.14 1 4
github.com/PointerByte/lock-max/dragon-cmk/proto/route.pb.go:2166.14,2168.3 1 3
github.com/PointerByte/lock-max/dragon-cmk/proto/route.pb.go:2169.2,2169.14 1 1
github.com/PointerByte/lock-max/dragon-cmk/proto/route.pb.go:2172.44,2173.14 1 4
github.com/PointerByte/lock-max/dragon-cmk/proto/route.pb.go:2173.14,2175.3 1 3
github.com/PointerByte/lock-max/dragon-cmk/proto/route.pb.go:2176.2,2176.11 1 1
github.com/PointerByte/lock-max/dragon-cmk/proto/route.pb.go:2189.36,2194.2 4 4
github.com/PointerByte/lock-max/dragon-cmk/proto/route.pb.go:2196.44,2198.2 1 1
github.com/PointerByte/lock-max/dragon-cmk/proto/route.pb.go:2200.42,2200.43 0 0
github.com/PointerByte/lock-max/dragon-cmk/proto/route.pb.go:2202.64,2204.14 2 12
github.com/PointerByte/lock-max/dragon-cmk/proto/route.pb.go:2204.14,2206.34 2 12
github.com/PointerByte/lock-max/dragon-cmk/proto/route.pb.go:2206.34,2208.4 1 6
github.com/PointerByte/lock-max/dragon-cmk/proto/route.pb.go:2209.3,2209.12 1 12
github.com/PointerByte/lock-max/dragon-cmk/proto/route.pb.go:2211.2,2211.24 1 0
github.com/PointerByte/lock-max/dragon-cmk/proto/route.pb.go:2215.55,2217.2 1 1
github.com/PointerByte/lock-max/dragon-cmk/proto/route.pb.go:2219.53,2220.14 1 2
github.com/PointerByte/lock-max/dragon-cmk/proto/route.pb.go:2220.14,2222.3 1 1
github.com/PointerByte/lock-max/dragon-cmk/proto/route.pb.go:2223.2,2223.11 1 1
github.com/PointerByte/lock-max/dragon-cmk/proto/route.pb.go:2226.50,2227.14 1 2
github.com/PointerByte/lock-max/dragon-cmk/proto/route.pb.go:2227.14,2229.3 1 1
github.com/PointerByte/lock-max/dragon-cmk/proto/route.pb.go:2230.2,2230.11 1 1
github.com/PointerByte/lock-max/dragon-cmk/proto/route.pb.go:2233.57,2234.14 1 2
github.com/PointerByte/lock-max/dragon-cmk/proto/route.pb.go:2234.14,2236.3 1 1
github.com/PointerByte/lock-max/dragon-cmk/proto/route.pb.go:2237.2,2237.12 1 1
github.com/PointerByte/lock-max/dragon-cmk/proto/route.pb.go:2240.62,2241.14 1 2
github.com/PointerByte/lock-max/dragon-cmk/proto/route.pb.go:2241.14,2243.3 1 1
github.com/PointerByte/lock-max/dragon-cmk/proto/route.pb.go:2244.2,2244.12 1 1
github.com/PointerByte/lock-max/dragon-cmk/proto/route.pb.go:2254.37,2259.2 4 4
github.com/PointerByte/lock-max/dragon-cmk/proto/route.pb.go:2261.45,2263.2 1 1
github.com/PointerByte/lock-max/dragon-cmk/proto/route.pb.go:2265.43,2265.44 0 0
github.com/PointerByte/lock-max/dragon-cmk/proto/route.pb.go:2267.65,2269.14 2 12
github.com/PointerByte/lock-max/dragon-cmk/proto/route.pb.go:2269.14,2271.34 2 12
github.com/PointerByte/lock-max/dragon-cmk/proto/route.pb.go:2271.34,2273.4 1 6
github.com/PointerByte/lock-max/dragon-cmk/proto/route.pb.go:2274.3,2274.12 1 12
github.com/PointerByte/lock-max/dragon-cmk/proto/route.pb.go:2276.2,2276.24 1 0
github.com/PointerByte/lock-max/dragon-cmk/proto/route.pb.go:2280.56,2282.2 1 1
github.com/PointerByte/lock-max/dragon-cmk/proto/route.pb.go:2284.47,2285.14 1 4
github.com/PointerByte/lock-max/dragon-cmk/proto/route.pb.go:2285.14,2287.3 1 3
github.com/PointerByte/lock-max/dragon-cmk/proto/route.pb.go:2288.2,2288.11 1 1
github.com/PointerByte/lock-max/dragon-cmk/proto/route.pb.go:2300.36,2305.2 4 4
github.com/PointerByte/lock-max/dragon-cmk/proto/route.pb.go:2307.44,2309.2 1 1
github.com/PointerByte/lock-max/dragon-cmk/proto/route.pb.go:2311.42,2311.43 0 0
github.com/PointerByte/lock-max/dragon-cmk/proto/route.pb.go:2313.64,2315.14 2 12
github.com/PointerByte/lock-max/dragon-cmk/proto/route.pb.go:2315.14,2317.34 2 12
github.com/PointerByte/lock-max/dragon-cmk/proto/route.pb.go:2317.34,2319.4 1 6
github.com/PointerByte/lock-max/dragon-cmk/proto/route.pb.go:2320.3,2320.12 1 12
github.com/PointerByte/lock-max/dragon-cmk/proto/route.pb.go:2322.2,2322.24 1 0
github.com/PointerByte/lock-max/dragon-cmk/proto/route.pb.go:2326.55,2328.2 1 1
github.com/PointerByte/lock-max/dragon-cmk/proto/route.pb.go:2330.53,2331.14 1 2
github.com/PointerByte/lock-max/dragon-cmk/proto/route.pb.go:2331.14,2333.3 1 1
github.com/PointerByte/lock-max/dragon-cmk/proto/route.pb.go:2334.2,2334.11 1 1
github.com/PointerByte/lock-max/dragon-cmk/proto/route.pb.go:2337.50,2338.14 1 2
github.com/PointerByte/lock-max/dragon-cmk/proto/route.pb.go:2338.14,2340.3 1 1
github.com/PointerByte/lock-max/dragon-cmk/proto/route.pb.go:2341.2,2341.11 1 1
github.com/PointerByte/lock-max/dragon-cmk/proto/route.pb.go:2344.46,2345.14 1 2
github.com/PointerByte/lock-max/dragon-cmk/proto/route.pb.go:2345.14,2347.3 1 1
github.com/PointerByte/lock-max/dragon-cmk/proto/route.pb.go:2348.2,2348.11 1 1
github.com/PointerByte/lock-max/dragon-cmk/proto/route.pb.go:2358.37,2363.2 4 4
github.com/PointerByte/lock-max/dragon-cmk/proto/route.pb.go:2365.45,2367.2 1 1
github.com/PointerByte/lock-max/dragon-cmk/proto/route.pb.go:2369.43,2369.44 0 0
github.com/PointerByte/lock-max/dragon-cmk/proto/route.pb.go:2371.65,2373.14 2 12
github.com/PointerByte/lock-max/dragon-cmk/proto/route.pb.go:2373.14,2375.34 2 12
github.com/PointerByte/lock-max/dragon-cmk/proto/route.pb.go:2375.34,2377.4 1 6
github.com/PointerByte/lock-max/dragon-cmk/proto/route.pb.go:2378.3,2378.12 1 12
github.com/PointerByte/lock-max/dragon-cmk/proto/route.pb.go:2380.2,2380.24 1 0
github.com/PointerByte/lock-max/dragon-cmk/proto/route.pb.go:2384.56,2386.2 1 1
github.com/PointerByte/lock-max/dragon-cmk/proto/route.pb.go:2388.45,2389.14 1 4
github.com/PointerByte/lock-max/dragon-cmk/proto/route.pb.go:2389.14,2391.3 1 3
github.com/PointerByte/lock-max/dragon-cmk/proto/route.pb.go:2392.2,2392.14 1 1
github.com/PointerByte/lock-max/dragon-cmk/proto/route.pb.go:2404.34,2409.2 4 4
github.com/PointerByte/lock-max/dragon-cmk/proto/route.pb.go:2411.42,2413.2 1 1
github.com/PointerByte/lock-max/dragon-cmk/proto/route.pb.go:2415.40,2415.41 0 0
github.com/PointerByte/lock-max/dragon-cmk/proto/route.pb.go:2417.62,2419.14 2 12
github.com/PointerByte/lock-max/dragon-cmk/proto/route.pb.go:2419.14,2421.34 2 12
github.com/PointerByte/lock-max/dragon-cmk/proto/route.pb.go:2421.34,2423.4 1 6
github.com/PointerByte/lock-max/dragon-cmk/proto/route.pb.go:2424.3,2424.12 1 12
github.com/PointerByte/lock-max/dragon-cmk/proto/route.pb.go:2426.2,2426.24 1 0
github.com/PointerByte/lock-max/dragon-cmk/proto/route.pb.go:2430.53,2432.2 1 1
github.com/PointerByte/lock-max/dragon-cmk/proto/route.pb.go:2434.51,2435.14 1 2
github.com/PointerByte/lock-max/dragon-cmk/proto/route.pb.go:2435.14,2437.3 1 1
github.com/PointerByte/lock-max/dragon-cmk/proto/route.pb.go:2438.2,2438.11 1 1
github.com/PointerByte/lock-max/dragon-cmk/proto/route.pb.go:2441.48,2442.14 1 2
github.com/PointerByte/lock-max/dragon-cmk/proto/route.pb.go:2442.14,2444.3 1 1
[...]
github.com/PointerByte/lock-max/dragon-cmk/clients/golang/client.go:161.2,171.8 1 0
github.com/PointerByte/lock-max/dragon-cmk/clients/golang/client.go:174.37,176.16 2 0
github.com/PointerByte/lock-max/dragon-cmk/clients/golang/client.go:176.16,178.3 1 0
github.com/PointerByte/lock-max/dragon-cmk/clients/golang/client.go:179.2,180.12 2 0
github.com/PointerByte/lock-max/dragon-cmk/clients/golang/client.go:183.29,184.19 1 0
github.com/PointerByte/lock-max/dragon-cmk/clients/golang/client.go:184.19,186.3 1 0
github.com/PointerByte/lock-max/dragon-cmk/clients/golang/client.go:187.2,189.23 3 0
github.com/PointerByte/lock-max/dragon-cmk/clients/golang/client.go:192.27,196.2 3 0
github.com/PointerByte/lock-max/dragon-cmk/clients/golang/client.go:198.20,200.2 1 0
github.com/PointerByte/lock-max/dragon-cmk/clients/golang/client.go:202.112,204.2 1 0
github.com/PointerByte/lock-max/dragon-cmk/clients/golang/client.go:206.95,208.2 1 0
github.com/PointerByte/lock-max/dragon-cmk/clients/golang/client.go:210.101,212.2 1 0
github.com/PointerByte/lock-max/dragon-cmk/clients/golang/client.go:214.119,216.2 1 0
github.com/PointerByte/lock-max/dragon-cmk/clients/golang/client.go:218.85,220.2 1 0
github.com/PointerByte/lock-max/dragon-cmk/clients/golang/client.go:222.90,224.2 1 0
github.com/PointerByte/lock-max/dragon-cmk/clients/golang/client.go:226.115,228.2 1 0
github.com/PointerByte/lock-max/dragon-cmk/clients/golang/client.go:230.106,232.2 1 0
github.com/PointerByte/lock-max/dragon-cmk/clients/golang/client.go:234.118,236.2 1 0
github.com/PointerByte/lock-max/dragon-cmk/clients/golang/client.go:238.115,240.2 1 0
github.com/PointerByte/lock-max/dragon-cmk/clients/golang/client.go:242.112,244.2 1 0
github.com/PointerByte/lock-max/dragon-cmk/clients/golang/client.go:246.110,248.2 1 0
github.com/PointerByte/lock-max/dragon-cmk/clients/golang/client.go:250.66,252.2 1 0
github.com/PointerByte/lock-max/dragon-cmk/clients/golang/client.go:254.77,256.2 1 0
github.com/PointerByte/lock-max/dragon-cmk/clients/golang/client.go:258.123,260.2 1 0
github.com/PointerByte/lock-max/dragon-cmk/clients/golang/client.go:262.106,264.2 1 0
github.com/PointerByte/lock-max/dragon-cmk/clients/golang/client.go:266.112,268.2 1 0
github.com/PointerByte/lock-max/dragon-cmk/clients/golang/client.go:270.130,272.2 1 0
github.com/PointerByte/lock-max/dragon-cmk/clients/golang/client.go:274.96,276.2 1 0
github.com/PointerByte/lock-max/dragon-cmk/clients/golang/client.go:278.101,280.2 1 0
github.com/PointerByte/lock-max/dragon-cmk/clients/golang/client.go:282.126,284.2 1 0
github.com/PointerByte/lock-max/dragon-cmk/clients/golang/client.go:286.117,288.16 2 0
github.com/PointerByte/lock-max/dragon-cmk/clients/golang/client.go:288.16,290.3 1 0
github.com/PointerByte/lock-max/dragon-cmk/clients/golang/client.go:291.2,291.64 1 0
github.com/PointerByte/lock-max/dragon-cmk/clients/golang/client.go:294.129,296.16 2 0
github.com/PointerByte/lock-max/dragon-cmk/clients/golang/client.go:296.16,298.3 1 0
github.com/PointerByte/lock-max/dragon-cmk/clients/golang/client.go:299.2,299.65 1 0
github.com/PointerByte/lock-max/dragon-cmk/clients/golang/client.go:302.126,304.16 2 0
github.com/PointerByte/lock-max/dragon-cmk/clients/golang/client.go:304.16,306.3 1 0
github.com/PointerByte/lock-max/dragon-cmk/clients/golang/client.go:307.2,307.64 1 0
github.com/PointerByte/lock-max/dragon-cmk/clients/golang/client.go:310.123,312.16 2 0
github.com/PointerByte/lock-max/dragon-cmk/clients/golang/client.go:312.16,314.3 1 0
github.com/PointerByte/lock-max/dragon-cmk/clients/golang/client.go:315.2,315.62 1 0
github.com/PointerByte/lock-max/dragon-cmk/clients/golang/client.go:318.121,320.16 2 0
github.com/PointerByte/lock-max/dragon-cmk/clients/golang/client.go:320.16,322.3 1 0
github.com/PointerByte/lock-max/dragon-cmk/clients/golang/client.go:323.2,323.65 1 0
github.com/PointerByte/lock-max/dragon-cmk/clients/golang/client.go:326.77,328.16 2 0
github.com/PointerByte/lock-max/dragon-cmk/clients/golang/client.go:328.16,330.3 1 0
github.com/PointerByte/lock-max/dragon-cmk/clients/golang/client.go:331.2,331.70 1 0
github.com/PointerByte/lock-max/dragon-cmk/clients/golang/client.go:334.88,336.2 1 0
github.com/PointerByte/lock-max/dragon-cmk/clients/golang/client.go:338.31,340.2 1 0
github.com/PointerByte/lock-max/dragon-cmk/clients/golang/client.go:342.123,347.2 4 0
github.com/PointerByte/lock-max/dragon-cmk/clients/golang/client.go:349.106,352.2 2 0
github.com/PointerByte/lock-max/dragon-cmk/clients/golang/client.go:354.112,356.100 2 0
github.com/PointerByte/lock-max/dragon-cmk/clients/golang/client.go:356.100,358.3 1 0
github.com/PointerByte/lock-max/dragon-cmk/clients/golang/client.go:359.2,359.31 1 0
github.com/PointerByte/lock-max/dragon-cmk/clients/golang/client.go:362.130,370.2 6 0
github.com/PointerByte/lock-max/dragon-cmk/clients/golang/client.go:372.96,375.79 3 0
github.com/PointerByte/lock-max/dragon-cmk/clients/golang/client.go:375.79,377.3 1 0
github.com/PointerByte/lock-max/dragon-cmk/clients/golang/client.go:378.2,378.31 1 0
github.com/PointerByte/lock-max/dragon-cmk/clients/golang/client.go:381.101,383.137 2 0
github.com/PointerByte/lock-max/dragon-cmk/clients/golang/client.go:383.137,385.3 1 0
github.com/PointerByte/lock-max/dragon-cmk/clients/golang/client.go:386.2,386.28 1 0
github.com/PointerByte/lock-max/dragon-cmk/clients/golang/client.go:389.126,392.2 2 0
github.com/PointerByte/lock-max/dragon-cmk/clients/golang/client.go:394.155,396.17 2 0
github.com/PointerByte/lock-max/dragon-cmk/clients/golang/client.go:396.17,398.17 2 0
github.com/PointerByte/lock-max/dragon-cmk/clients/golang/client.go:398.17,400.4 1 0
github.com/PointerByte/lock-max/dragon-cmk/clients/golang/client.go:401.3,401.36 1 0
github.com/PointerByte/lock-max/dragon-cmk/clients/golang/client.go:404.2,405.16 2 0
github.com/PointerByte/lock-max/dragon-cmk/clients/golang/client.go:405.16,407.3 1 0
github.com/PointerByte/lock-max/dragon-cmk/clients/golang/client.go:408.2,410.19 3 0
github.com/PointerByte/lock-max/dragon-cmk/clients/golang/client.go:410.19,412.3 1 0
github.com/PointerByte/lock-max/dragon-cmk/clients/golang/client.go:413.2,413.35 1 0
github.com/PointerByte/lock-max/dragon-cmk/clients/golang/client.go:413.35,414.32 1 0
github.com/PointerByte/lock-max/dragon-cmk/clients/golang/client.go:414.32,416.4 1 0
github.com/PointerByte/lock-max/dragon-cmk/clients/golang/client.go:419.2,420.16 2 0
github.com/PointerByte/lock-max/dragon-cmk/clients/golang/client.go:420.16,422.3 1 0
github.com/PointerByte/lock-max/dragon-cmk/clients/golang/client.go:423.2,427.16 4 0
github.com/PointerByte/lock-max/dragon-cmk/clients/golang/client.go:427.16,429.3 1 0
github.com/PointerByte/lock-max/dragon-cmk/clients/golang/client.go:430.2,430.27 1 0
github.com/PointerByte/lock-max/dragon-cmk/clients/golang/client.go:430.27,431.65 1 0
github.com/PointerByte/lock-max/dragon-cmk/clients/golang/client.go:431.65,433.4 1 0
github.com/PointerByte/lock-max/dragon-cmk/clients/golang/client.go:435.2,435.94 1 0
github.com/PointerByte/lock-max/dragon-cmk/clients/golang/client.go:435.94,437.3 1 0
github.com/PointerByte/lock-max/dragon-cmk/clients/golang/client.go:438.2,438.48 1 0
github.com/PointerByte/lock-max/dragon-cmk/clients/golang/client.go:438.48,439.66 1 0
github.com/PointerByte/lock-max/dragon-cmk/clients/golang/client.go:439.66,441.4 1 0
github.com/PointerByte/lock-max/dragon-cmk/clients/golang/client.go:443.2,443.33 1 0
github.com/PointerByte/lock-max/dragon-cmk/clients/golang/client.go:446.126,448.16 2 0
github.com/PointerByte/lock-max/dragon-cmk/clients/golang/client.go:448.16,450.3 1 0
github.com/PointerByte/lock-max/dragon-cmk/clients/golang/client.go:451.2,452.72 2 0
github.com/PointerByte/lock-max/dragon-cmk/clients/golang/client.go:455.82,456.16 1 0
github.com/PointerByte/lock-max/dragon-cmk/clients/golang/client.go:456.16,458.3 1 0
github.com/PointerByte/lock-max/dragon-cmk/clients/golang/client.go:459.2,459.65 1 0
github.com/PointerByte/lock-max/dragon-cmk/clients/golang/client.go:462.72,463.16 1 0
github.com/PointerByte/lock-max/dragon-cmk/clients/golang/client.go:463.16,465.3 1 0
github.com/PointerByte/lock-max/dragon-cmk/clients/golang/client.go:466.2,466.19 1 0
github.com/PointerByte/lock-max/dragon-cmk/clients/golang/client.go:466.19,468.3 1 0
github.com/PointerByte/lock-max/dragon-cmk/clients/golang/client.go:469.2,469.82 1 0
github.com/PointerByte/lock-max/dragon-cmk/clients/golang/client.go:472.63,474.83 2 0
github.com/PointerByte/lock-max/dragon-cmk/clients/golang/client.go:474.83,476.3 1 0
github.com/PointerByte/lock-max/dragon-cmk/clients/golang/client.go:477.2,477.60 1 0
github.com/PointerByte/lock-max/dragon-cmk/clients/golang/client.go:480.70,482.2 1 0
github.com/PointerByte/lock-max/dragon-cmk/clients/golang/client.go:484.59,486.17 2 0
github.com/PointerByte/lock-max/dragon-cmk/clients/golang/client.go:486.17,488.3 1 0
github.com/PointerByte/lock-max/dragon-cmk/clients/golang/client.go:489.2,489.14 1 0
github.com/PointerByte/lock-max/dragon-cmk/entity/postgreSQL/auth/models.go:21.37,23.2 1 0
github.com/PointerByte/lock-max/dragon-cmk/entity/postgreSQL/auth/repository.go:24.81,29.2 1 0
github.com/PointerByte/lock-max/dragon-cmk/entity/postgreSQL/auth/repository.go:36.81,49.16 5 0
github.com/PointerByte/lock-max/dragon-cmk/entity/postgreSQL/auth/repository.go:49.16,53.3 3 0
github.com/PointerByte/lock-max/dragon-cmk/entity/postgreSQL/auth/repository.go:55.2,56.12 2 0
github.com/PointerByte/lock-max/dragon-cmk/entity/postgreSQL/auth/repository.go:59.99,65.16 5 0
github.com/PointerByte/lock-max/dragon-cmk/entity/postgreSQL/auth/repository.go:65.16,69.3 3 0
github.com/PointerByte/lock-max/dragon-cmk/entity/postgreSQL/auth/repository.go:70.2,70.22 1 0
github.com/PointerByte/lock-max/dragon-cmk/entity/postgreSQL/auth/repository.go:70.22,74.3 3 0
github.com/PointerByte/lock-max/dragon-cmk/entity/postgreSQL/auth/repository.go:76.2,77.24 2 0
github.com/PointerByte/lock-max/dragon-cmk/entity/postgreSQL/auth/repository.go:80.102,92.16 6 0
github.com/PointerByte/lock-max/dragon-cmk/entity/postgreSQL/auth/repository.go:92.16,96.3 3 0
github.com/PointerByte/lock-max/dragon-cmk/entity/postgreSQL/auth/repository.go:98.2,99.20 2 0
github.com/PointerByte/lock-max/dragon-cmk/entity/postgreSQL/auth/repository.go:102.63,107.16 4 0
github.com/PointerByte/lock-max/dragon-cmk/entity/postgreSQL/auth/repository.go:107.16,111.3 3 0
github.com/PointerByte/lock-max/dragon-cmk/entity/postgreSQL/auth/repository.go:113.2,114.20 2 0
github.com/PointerByte/lock-max/dragon-cmk/entity/postgreSQL/auth/repository.go:117.74,123.16 5 0
github.com/PointerByte/lock-max/dragon-cmk/entity/postgreSQL/auth/repository.go:123.16,127.3 3 0
github.com/PointerByte/lock-max/dragon-cmk/entity/postgreSQL/auth/repository.go:129.2,130.12 2 0
github.com/PointerByte/lock-max/dragon-cmk/service/auth/repository.go:54.15,56.2 1 0
github.com/PointerByte/lock-max/dragon-cmk/service/auth/repository.go:63.15,71.2 1 0
github.com/PointerByte/lock-max/dragon-cmk/service/auth/repository.go:73.111,75.16 2 0
github.com/PointerByte/lock-max/dragon-cmk/service/auth/repository.go:75.16,77.3 1 0
github.com/PointerByte/lock-max/dragon-cmk/service/auth/repository.go:78.2,79.69 1 0
github.com/PointerByte/lock-max/dragon-cmk/service/auth/repository.go:79.69,81.3 1 0
github.com/PointerByte/lock-max/dragon-cmk/service/auth/repository.go:83.2,83.37 1 0
github.com/PointerByte/lock-max/dragon-cmk/service/auth/repository.go:86.117,87.80 1 0
github.com/PointerByte/lock-max/dragon-cmk/service/auth/repository.go:87.80,89.3 1 0
github.com/PointerByte/lock-max/dragon-cmk/service/auth/repository.go:91.2,92.16 2 0
github.com/PointerByte/lock-max/dragon-cmk/service/auth/repository.go:92.16,94.3 1 0
github.com/PointerByte/lock-max/dragon-cmk/service/auth/repository.go:95.2,96.16 2 0
github.com/PointerByte/lock-max/dragon-cmk/service/auth/repository.go:96.16,98.3 1 0
github.com/PointerByte/lock-max/dragon-cmk/service/auth/repository.go:99.2,99.67 1 0
github.com/PointerByte/lock-max/dragon-cmk/service/auth/repository.go:99.67,101.3 1 0
github.com/PointerByte/lock-max/dragon-cmk/service/auth/repository.go:103.2,103.43 1 0
github.com/PointerByte/lock-max/dragon-cmk/service/auth/repository.go:106.121,107.80 1 0
github.com/PointerByte/lock-max/dragon-cmk/service/auth/repository.go:107.80,109.3 1 0
github.com/PointerByte/lock-max/dragon-cmk/service/auth/repository.go:111.2,112.16 2 0
github.com/PointerByte/lock-max/dragon-cmk/service/auth/repository.go:112.16,114.3 1 0
github.com/PointerByte/lock-max/dragon-cmk/service/auth/repository.go:116.2,122.17 2 0
github.com/PointerByte/lock-max/dragon-cmk/service/auth/repository.go:122.17,124.3 1 0
github.com/PointerByte/lock-max/dragon-cmk/service/auth/repository.go:126.2,127.16 2 0
github.com/PointerByte/lock-max/dragon-cmk/service/auth/repository.go:127.16,135.3 1 0
github.com/PointerByte/lock-max/dragon-cmk/service/auth/repository.go:136.2,136.36 1 0
github.com/PointerByte/lock-max/dragon-cmk/service/auth/repository.go:139.128,140.68 1 0
github.com/PointerByte/lock-max/dragon-cmk/service/auth/repository.go:140.68,142.3 1 0
github.com/PointerByte/lock-max/dragon-cmk/service/auth/repository.go:143.2,144.16 2 0
github.com/PointerByte/lock-max/dragon-cmk/service/auth/repository.go:144.16,146.3 1 0
github.com/PointerByte/lock-max/dragon-cmk/service/auth/repository.go:147.2,148.16 2 0
github.com/PointerByte/lock-max/dragon-cmk/service/auth/repository.go:148.16,150.3 1 0
github.com/PointerByte/lock-max/dragon-cmk/service/auth/repository.go:152.2,153.33 2 0
github.com/PointerByte/lock-max/dragon-cmk/service/auth/repository.go:153.33,155.3 1 0
github.com/PointerByte/lock-max/dragon-cmk/service/auth/repository.go:157.2,160.8 1 0
github.com/PointerByte/lock-max/dragon-cmk/service/auth/repository.go:163.100,164.39 1 0
github.com/PointerByte/lock-max/dragon-cmk/service/auth/repository.go:164.39,166.3 1 0
github.com/PointerByte/lock-max/dragon-cmk/service/auth/repository.go:167.2,168.16 2 0
github.com/PointerByte/lock-max/dragon-cmk/service/auth/repository.go:168.16,170.3 1 0
github.com/PointerByte/lock-max/dragon-cmk/service/auth/repository.go:171.2,172.16 2 0
github.com/PointerByte/lock-max/dragon-cmk/service/auth/repository.go:172.16,174.3 1 0
github.com/PointerByte/lock-max/dragon-cmk/service/auth/repository.go:175.2,175.36 1 0
github.com/PointerByte/lock-max/dragon-cmk/service/auth/repository.go:178.82,179.39 1 0
github.com/PointerByte/lock-max/dragon-cmk/service/auth/repository.go:179.39,181.3 1 0
github.com/PointerByte/lock-max/dragon-cmk/service/auth/repository.go:182.2,183.16 2 0
github.com/PointerByte/lock-max/dragon-cmk/service/auth/repository.go:183.16,185.3 1 0
github.com/PointerByte/lock-max/dragon-cmk/service/auth/repository.go:186.2,186.46 1 0
github.com/PointerByte/lock-max/dragon-cmk/service/auth/repository.go:189.76,191.25 2 0
github.com/PointerByte/lock-max/dragon-cmk/service/auth/repository.go:191.25,193.3 1 0
github.com/PointerByte/lock-max/dragon-cmk/service/auth/repository.go:194.2,194.49 1 0
github.com/PointerByte/lock-max/dragon-cmk/service/auth/repository.go:194.49,196.3 1 0
github.com/PointerByte/lock-max/dragon-cmk/service/auth/repository.go:198.2,200.16 3 0
github.com/PointerByte/lock-max/dragon-cmk/service/auth/repository.go:200.16,202.3 1 0
github.com/PointerByte/lock-max/dragon-cmk/service/auth/repository.go:203.2,204.9 2 0
github.com/PointerByte/lock-max/dragon-cmk/service/auth/repository.go:204.9,206.3 1 0
github.com/PointerByte/lock-max/dragon-cmk/service/auth/repository.go:207.2,207.68 1 0
github.com/PointerByte/lock-max/dragon-cmk/service/auth/repository.go:207.68,209.3 1 0
github.com/PointerByte/lock-max/dragon-cmk/service/auth/repository.go:210.2,210.36 1 0
github.com/PointerByte/lock-max/dragon-cmk/service/auth/repository.go:213.70,214.9 1 0
github.com/PointerByte/lock-max/dragon-cmk/service/auth/repository.go:215.82,216.53 1 0
github.com/PointerByte/lock-max/dragon-cmk/service/auth/repository.go:217.41,218.44 1 0
github.com/PointerByte/lock-max/dragon-cmk/service/auth/repository.go:219.45,220.48 1 0
github.com/PointerByte/lock-max/dragon-cmk/service/auth/repository.go:221.10,222.13 1 0
github.com/PointerByte/lock-max/dragon-cmk/service/auth/repository.go:226.98,228.16 2 0
github.com/PointerByte/lock-max/dragon-cmk/service/auth/repository.go:228.16,230.3 1 0
github.com/PointerByte/lock-max/dragon-cmk/service/auth/repository.go:232.2,241.16 4 0
github.com/PointerByte/lock-max/dragon-cmk/service/auth/repository.go:241.16,243.3 1 0
github.com/PointerByte/lock-max/dragon-cmk/service/auth/repository.go:245.2,249.8 1 0
github.com/PointerByte/lock-max/dragon-cmk/service/auth/repository.go:252.61,256.60 4 0
github.com/PointerByte/lock-max/dragon-cmk/service/auth/repository.go:256.60,258.3 1 0
github.com/PointerByte/lock-max/dragon-cmk/service/auth/repository.go:260.2,265.4 4 0
github.com/PointerByte/lock-max/dragon-cmk/service/auth/repository.go:268.121,270.16 2 0
github.com/PointerByte/lock-max/dragon-cmk/service/auth/repository.go:270.16,272.3 1 0
github.com/PointerByte/lock-max/dragon-cmk/service/auth/repository.go:273.2,274.16 2 0
github.com/PointerByte/lock-max/dragon-cmk/service/auth/repository.go:274.16,276.3 1 0
github.com/PointerByte/lock-max/dragon-cmk/service/auth/repository.go:277.2,277.44 1 0
github.com/PointerByte/lock-max/dragon-cmk/service/auth/repository.go:280.83,282.16 2 0
github.com/PointerByte/lock-max/dragon-cmk/service/auth/repository.go:282.16,284.3 1 0
github.com/PointerByte/lock-max/dragon-cmk/service/auth/repository.go:285.2,285.19 1 0
github.com/PointerByte/lock-max/dragon-cmk/service/auth/repository.go:285.19,287.3 1 0
github.com/PointerByte/lock-max/dragon-cmk/service/auth/repository.go:288.2,288.16 1 0
github.com/PointerByte/lock-max/dragon-cmk/service/auth/repository.go:288.16,290.3 1 0
github.com/PointerByte/lock-max/dragon-cmk/service/auth/repository.go:291.2,291.16 1 0
github.com/PointerByte/lock-max/dragon-cmk/service/auth/repository.go:291.16,293.3 1 0
github.com/PointerByte/lock-max/dragon-cmk/service/auth/repository.go:294.2,294.45 1 0
github.com/PointerByte/lock-max/dragon-cmk/service/auth/repository.go:297.56,298.23 1 0
github.com/PointerByte/lock-max/dragon-cmk/service/auth/repository.go:298.23,300.3 1 0
github.com/PointerByte/lock-max/dragon-cmk/service/auth/repository.go:301.2,302.16 2 0
github.com/PointerByte/lock-max/dragon-cmk/service/auth/repository.go:302.16,304.3 1 0
github.com/PointerByte/lock-max/dragon-cmk/service/auth/repository.go:305.2,305.73 1 0
github.com/PointerByte/lock-max/dragon-cmk/service/auth/repository.go:305.73,307.3 1 0
github.com/PointerByte/lock-max/dragon-cmk/service/auth/repository.go:308.2,308.36 1 0
github.com/PointerByte/lock-max/dragon-cmk/service/auth/repository.go:311.56,312.31 1 0
github.com/PointerByte/lock-max/dragon-cmk/service/auth/repository.go:312.31,314.3 1 0
github.com/PointerByte/lock-max/dragon-cmk/service/auth/repository.go:315.2,315.48 1 0
github.com/PointerByte/lock-max/dragon-cmk/service/auth/repository.go:318.66,319.15 1 0
github.com/PointerByte/lock-max/dragon-cmk/service/auth/repository.go:319.15,321.3 1 0
github.com/PointerByte/lock-max/dragon-cmk/service/auth/repository.go:322.2,322.28 1 0
github.com/PointerByte/lock-max/dragon-cmk/service/auth/repository.go:322.28,324.3 1 0
github.com/PointerByte/lock-max/dragon-cmk/service/auth/repository.go:325.2,325.12 1 0
github.com/PointerByte/lock-max/dragon-cmk/service/auth/repository.go:328.94,330.43 2 0
github.com/PointerByte/lock-max/dragon-cmk/service/auth/repository.go:330.43,332.3 1 0
github.com/PointerByte/lock-max/dragon-cmk/service/auth/repository.go:333.2,338.3 1 0
github.com/PointerByte/lock-max/dragon-cmk/service/auth/repository.go:341.69,342.19 1 0
github.com/PointerByte/lock-max/dragon-cmk/service/auth/repository.go:342.19,344.3 1 0
github.com/PointerByte/lock-max/dragon-cmk/service/auth/repository.go:345.2,352.3 1 0
github.com/PointerByte/lock-max/dragon-cmk/api/docs.go:1374.13,1376.2 1 0
